[1mLooking up daemon...[0m  time: [1m00:00[0m[1mConnected to daemon 39fc0a98, scanning for projects[0m[17P[1m...[0m  time: [1m00:00[0m[K[[1;33mWARN[m] Environment mismatch !
[[1;33mWARN[m] A few environment mismatches have been detected between the client and the daemon.
[[1;33mWARN[m]    GNOME_TERMINAL_SCREEN -> /org/gnome/Terminal/screen/48fc37b5_2aa3_47b9_9c69_ecaeee8827ca instead of /org/gnome/Terminal/screen/de035914_167b_4d6e_98f9_be8d98f72ef4
[[1;33mWARN[m]    PS1 -> \[\033[1;32m\]\u@\h \[\033[1;34m\]\w$([[ $? != 0 ]] && echo "\[\033[1;31m\] :(")\[\033[1;33m\]$(__git_ps1) $(hg prompt "({queue}{:{patches|hide_unapplied}}{status}{update}) " 2>/dev/null)\[\033[1;34m\]$\[\033[00m\]  instead of null
[[1;33mWARN[m]    _ -> /home/andrew/bin/mvnd instead of /home/andrew/bin/mvn
[[1;33mWARN[m] If the difference matters to you, stop the running daemons using mvnd --stop and
[[1;33mWARN[m] start a new daemon from the current environment by issuing any mvnd build command.
[[1;34mINFO[m] Processing build on daemon [1m39fc0a98[m
[[1;34mINFO[m] Scanning for projects...
[[1;34mINFO[m] BuildTimeEventSpy is registered.
[[1;34mINFO[m] 
[[1;34mINFO[m] Using the SmartBuilder implementation with a thread count of 7
[[1;34mINFO[m] Task segments : [exec:exec@create-pod, exec:exec@start-jfr-datasource, exec:exec@start-grafana, exec:exec@start-container, exec:exec@wait-for-container, failsafe:integration-test, exec:exec@stop-jfr-datasource, exec:exec@stop-grafana, exec:exec@stop-container, exec:exec@destroy-pod]
[[1;34mINFO[m] Build maximum degree of concurrency is 7
[[1;34mINFO[m] Total number of projects is 1
[[1;34mINFO[m] 
[[1;34mINFO[m] [1m------------------------< [0;36mio.cryostat:cryostat[0;1m >------------------------[m
[[1;34mINFO[m] [1mBuilding cryostat 2.0.0-SNAPSHOT[m
[[1;34mINFO[m] [1m--------------------------------[ jar ]---------------------------------[m
[[1;34mINFO[m] 
[[1;34mINFO[m] [1m--- [0;32mexec-maven-plugin:3.0.0:exec[m [1m(create-pod)[m @ [36mcryostat[0;1m ---[m
[[1;34mINFO[m] [stdout] 366d1df27faf838edff5a1cb7dba0229f9db5d91eece10faeef7b73f84f182cc
[[1;34mINFO[m] 
[[1;34mINFO[m] [1m--- [0;32mexec-maven-plugin:3.0.0:exec[m [1m(start-jfr-datasource)[m @ [36mcryostat[0;1m ---[m
[[1;34mINFO[m] [stdout] a5a25626bafbdc518234e2ce876ed820291f1f6841e5c42d395923ffb466590a
[[1;34mINFO[m] 
[[1;34mINFO[m] [1m--- [0;32mexec-maven-plugin:3.0.0:exec[m [1m(start-grafana)[m @ [36mcryostat[0;1m ---[m
[[1;34mINFO[m] [stdout] 6e5d11f2fb54b2f175d05df391586d1bebdd9a13eb9b354eaa9540cd09c70b28
[[1;34mINFO[m] 
[[1;34mINFO[m] [1m--- [0;32mexec-maven-plugin:3.0.0:exec[m [1m(start-container)[m @ [36mcryostat[0;1m ---[m
[[1;34mINFO[m] [stdout] 01569761b5c0ea5654de8ca88bbd76d16f04cb5beaf0a42fc70370bad9f3f603
[[1;34mINFO[m] 
[[1;34mINFO[m] [1m--- [0;32mexec-maven-plugin:3.0.0:exec[m [1m(wait-for-container)[m @ [36mcryostat[0;1m ---[m
[[1;33mWARN[m] [stderr] curl: (56) Recv failure: Connection reset by peer
[[1;34mINFO[m] 
[[1;34mINFO[m] [1m--- [0;32mmaven-failsafe-plugin:2.22.2:integration-test[m [1m(default-cli)[m @ [36mcryostat[0;1m ---[m
[[1;34mINFO[m] 
[[1;34mINFO[m] -------------------------------------------------------
[[1;34mINFO[m]  T E S T S
[[1;34mINFO[m] -------------------------------------------------------
[[1;34mINFO[m] Running itest.[1mBasicCommandChannelIT[m
[[1;33mWARN[m] [1;33mTests [0;1mrun: [0;1m1[m, Failures: 0, Errors: 0, [1;33mSkipped: [0;1;33m1[m, Time elapsed: 0.001 s - in itest.[1mBasicCommandChannelIT[m
[[1;34mINFO[m] Running itest.[1mApiListingIT[m
[[1;34mINFO[m] [1;32mTests run: [0;1;32m1[m, Failures: 0, Errors: 0, Skipped: 0, Time elapsed: 0.871 s - in itest.[1mApiListingIT[m
[[1;34mINFO[m] Running itest.[1mClientAssetsIT[m
[[1;34mINFO[m] [1;32mTests run: [0;1;32m3[m, Failures: 0, Errors: 0, Skipped: 0, Time elapsed: 0.113 s - in itest.[1mClientAssetsIT[m
[[1;34mINFO[m] Running itest.[1mGrafanaSetupIT[m
[[1;34mINFO[m] [1;32mTests run: [0;1;32m2[m, Failures: 0, Errors: 0, Skipped: 0, Time elapsed: 0.013 s - in itest.[1mGrafanaSetupIT[m
[[1;34mINFO[m] Running itest.[1mNoopAuthIT[m
[[1;34mINFO[m] [1;32mTests run: [0;1;32m2[m, Failures: 0, Errors: 0, Skipped: 0, Time elapsed: 0.012 s - in itest.[1mNoopAuthIT[m
[[1;34mINFO[m] Running itest.[1mRecordingWorkflowIT[m
[[1;34mINFO[m] [1;32mTests run: [0;1;32m1[m, Failures: 0, Errors: 0, Skipped: 0, Time elapsed: 8.529 s - in itest.[1mRecordingWorkflowIT[m
[[1;34mINFO[m] Running itest.[1mInterleavedExternalTargetRequestsIT[m
[[1;34mINFO[m] [stdout] {"dashboardAvailable":true,"datasourceAvailable":true}[podman, run, --quiet, --pod=cryostat-itests, --detach, --rm, --env, USE_AUTH=true, --env, JMX_PORT=9100, quay.io/andrewazores/vertx-fib-demo:0.6.0]
[[1;34mINFO[m] [stdout] 10161104d6873d30a1418d75de57793a88e1c2530c13f9ed956b89552bf5eba7
[[1;34mINFO[m] [stdout] [podman, run, --quiet, --pod=cryostat-itests, --detach, --rm, --env, USE_AUTH=true, --env, JMX_PORT=9095, quay.io/andrewazores/vertx-fib-demo:0.6.0]
[[1;34mINFO[m] [stdout] 5a16559750d86190e79bf63bc2e86868feef3d3d98e381975323d93b45a336ea
[[1;34mINFO[m] [stdout] [podman, run, --quiet, --pod=cryostat-itests, --detach, --rm, --env, USE_AUTH=true, --env, JMX_PORT=9099, quay.io/andrewazores/vertx-fib-demo:0.6.0]
[[1;34mINFO[m] [stdout] fe0dd391c85af366b5c1db355d4c56ddbab97d2579e3bd5cff4da06f3c55e18d
[[1;34mINFO[m] [stdout] [podman, run, --quiet, --pod=cryostat-itests, --detach, --rm, --env, USE_AUTH=true, --env, JMX_PORT=9096, quay.io/andrewazores/vertx-fib-demo:0.6.0]
[[1;34mINFO[m] [stdout] 11bade6c30e60d98219b90382510afc99885a299ce425e9798f3d6fae4629c18
[[1;34mINFO[m] [stdout] [podman, run, --quiet, --pod=cryostat-itests, --detach, --rm, --env, USE_AUTH=true, --env, JMX_PORT=9097, quay.io/andrewazores/vertx-fib-demo:0.6.0]
[[1;34mINFO[m] [stdout] 69dfccfc5e66d61867b91b34f5968f5a3b2a7c63780d86e4405dde0771a7b72e
[[1;34mINFO[m] [stdout] [podman, run, --quiet, --pod=cryostat-itests, --detach, --rm, --env, USE_AUTH=true, --env, JMX_PORT=9093, quay.io/andrewazores/vertx-fib-demo:0.6.0]
[[1;34mINFO[m] [stdout] 3bef4abf34cd7504a947554290ecda7c71cf9a9d82d470dbe64129dfa34d8998
[[1;34mINFO[m] [stdout] [podman, run, --quiet, --pod=cryostat-itests, --detach, --rm, --env, USE_AUTH=true, --env, JMX_PORT=9094, quay.io/andrewazores/vertx-fib-demo:0.6.0]
[[1;34mINFO[m] [stdout] 90f89bec28a3488df250814e2842ebe95bb7c142dbf7baa1be6088462d848076
[[1;34mINFO[m] [stdout] [podman, run, --quiet, --pod=cryostat-itests, --detach, --rm, --env, USE_AUTH=true, --env, JMX_PORT=9098, quay.io/andrewazores/vertx-fib-demo:0.6.0]
[[1;34mINFO[m] [stdout] a04f58846987f5254b357bff052becdb1f65e1dac0e911b96e38f97a61e78864
[[1;34mINFO[m] [stdout] [podman, container, inspect, --format="{{.State.Status}}", 10161104d6873d30a1418d75de57793a88e1c2530c13f9ed956b89552bf5eba7]
[[1;34mINFO[m] [stdout] [podman, container, inspect, --format="{{.State.Status}}", fe0dd391c85af366b5c1db355d4c56ddbab97d2579e3bd5cff4da06f3c55e18d]
[[1;34mINFO[m] [stdout] [podman, container, inspect, --format="{{.State.Status}}", 69dfccfc5e66d61867b91b34f5968f5a3b2a7c63780d86e4405dde0771a7b72e]
[[1;34mINFO[m] [stdout] [podman, container, inspect, --format="{{.State.Status}}", 11bade6c30e60d98219b90382510afc99885a299ce425e9798f3d6fae4629c18]
[[1;34mINFO[m] [stdout] [podman, container, inspect, --format="{{.State.Status}}", 3bef4abf34cd7504a947554290ecda7c71cf9a9d82d470dbe64129dfa34d8998]
[[1;34mINFO[m] [stdout] [podman, container, inspect, --format="{{.State.Status}}", 5a16559750d86190e79bf63bc2e86868feef3d3d98e381975323d93b45a336ea]
[[1;34mINFO[m] [stdout] [podman, container, inspect, --format="{{.State.Status}}", 90f89bec28a3488df250814e2842ebe95bb7c142dbf7baa1be6088462d848076]
[[1;34mINFO[m] [stdout] [podman, container, inspect, --format="{{.State.Status}}", a04f58846987f5254b357bff052becdb1f65e1dac0e911b96e38f97a61e78864]
[[1;34mINFO[m] [stdout] "running"
[[1;34mINFO[m] [stdout] "running"
[[1;34mINFO[m] [stdout] "running"
[[1;34mINFO[m] [stdout] "running"
[[1;34mINFO[m] [stdout] "running"
[[1;34mINFO[m] [stdout] "running"
[[1;34mINFO[m] [stdout] "running"
[[1;34mINFO[m] [stdout] "running"
[[1;33mWARN[m] [stderr] 7 targets found - waiting for setup to complete
[[1;34mINFO[m] [stdout] expected target count observed, counting success 1/3
[[1;34mINFO[m] [stdout] expected target count observed, counting success 2/3
[[1;34mINFO[m] [stdout] expected target count observed, counting success 3/3
[[1;34mINFO[m] [stdout] setup complete, continuing to tests
[[1;34mINFO[m] [stdout] Elapsed time: 9767ms
[[1;34mINFO[m] [stdout] [podman, kill, 10161104d6873d30a1418d75de57793a88e1c2530c13f9ed956b89552bf5eba7]
[[1;34mINFO[m] [stdout] 10161104d6873d30a1418d75de57793a88e1c2530c13f9ed956b89552bf5eba7
[[1;34mINFO[m] [stdout] [podman, kill, 5a16559750d86190e79bf63bc2e86868feef3d3d98e381975323d93b45a336ea]
[[1;34mINFO[m] [stdout] 5a16559750d86190e79bf63bc2e86868feef3d3d98e381975323d93b45a336ea
[[1;34mINFO[m] [stdout] [podman, kill, fe0dd391c85af366b5c1db355d4c56ddbab97d2579e3bd5cff4da06f3c55e18d]
[[1;34mINFO[m] [stdout] fe0dd391c85af366b5c1db355d4c56ddbab97d2579e3bd5cff4da06f3c55e18d
[[1;34mINFO[m] [stdout] [podman, kill, 11bade6c30e60d98219b90382510afc99885a299ce425e9798f3d6fae4629c18]
[[1;34mINFO[m] [stdout] 11bade6c30e60d98219b90382510afc99885a299ce425e9798f3d6fae4629c18
[[1;34mINFO[m] [stdout] [podman, kill, 69dfccfc5e66d61867b91b34f5968f5a3b2a7c63780d86e4405dde0771a7b72e]
[[1;34mINFO[m] [stdout] 69dfccfc5e66d61867b91b34f5968f5a3b2a7c63780d86e4405dde0771a7b72e
[[1;34mINFO[m] [stdout] [podman, kill, 3bef4abf34cd7504a947554290ecda7c71cf9a9d82d470dbe64129dfa34d8998]
[[1;34mINFO[m] [stdout] 3bef4abf34cd7504a947554290ecda7c71cf9a9d82d470dbe64129dfa34d8998
[[1;34mINFO[m] [stdout] [podman, kill, 90f89bec28a3488df250814e2842ebe95bb7c142dbf7baa1be6088462d848076]
[[1;34mINFO[m] [stdout] 90f89bec28a3488df250814e2842ebe95bb7c142dbf7baa1be6088462d848076
[[1;34mINFO[m] [stdout] [podman, kill, a04f58846987f5254b357bff052becdb1f65e1dac0e911b96e38f97a61e78864]
[[1;34mINFO[m] [stdout] a04f58846987f5254b357bff052becdb1f65e1dac0e911b96e38f97a61e78864
[[1;33mWARN[m] [stderr] 9 targets found - waiting for teardown to complete
[[1;33mWARN[m] [stderr] 9 targets found - waiting for teardown to complete
[[1;34mINFO[m] [stdout] teardown complete
[[1;34mINFO[m] [1;32mTests run: [0;1;32m2[m, Failures: 0, Errors: 0, Skipped: 0, Time elapsed: 52.587 s - in itest.[1mInterleavedExternalTargetRequestsIT[m
[[1;34mINFO[m] Running itest.[1mUploadRecordingIT[m
[[1;33mWARN[m] [1;33mTests [0;1mrun: [0;1m1[m, Failures: 0, Errors: 0, [1;33mSkipped: [0;1;33m1[m, Time elapsed: 0.352 s - in itest.[1mUploadRecordingIT[m
[[1;34mINFO[m] Running itest.[1mAutoRulesIT[m
[[1;34mINFO[m] [stdout] [podman, run, --quiet, --pod=cryostat-itests, --detach, --rm, --env, USE_AUTH=true, --env, JMX_PORT=9093, quay.io/andrewazores/vertx-fib-demo:0.6.0]
[[1;34mINFO[m] [stdout] 41ee3c1d96b96a351c86d65bd930400b0f85c383269525ceb9dd9e77bb627d39
[[1;34mINFO[m] [stdout] [podman, container, inspect, --format="{{.State.Status}}", 41ee3c1d96b96a351c86d65bd930400b0f85c383269525ceb9dd9e77bb627d39]
[[1;34mINFO[m] [stdout] "running"
[[1;34mINFO[m] [stdout] [podman, kill, 41ee3c1d96b96a351c86d65bd930400b0f85c383269525ceb9dd9e77bb627d39]
[[1;34mINFO[m] [stdout] 41ee3c1d96b96a351c86d65bd930400b0f85c383269525ceb9dd9e77bb627d39
[[1;34mINFO[m] [1;32mTests run: [0;1;32m5[m, Failures: 0, Errors: 0, Skipped: 0, Time elapsed: 10.749 s - in itest.[1mAutoRulesIT[m
[[1;34mINFO[m] Running itest.[1mClientUrlIT[m
[[1;34mINFO[m] [1;32mTests run: [0;1;32m4[m, Failures: 0, Errors: 0, Skipped: 0, Time elapsed: 0.027 s - in itest.[1mClientUrlIT[m
[[1;34mINFO[m] 
[[1;34mINFO[m] Results:
[[1;34mINFO[m] 
[[1;33mWARN[m] [1;33mTests run: 22, Failures: 0, Errors: 0, Skipped: 2[m
[[1;34mINFO[m] 
[[1;34mINFO[m] 
[[1;34mINFO[m] [1m--- [0;32mexec-maven-plugin:3.0.0:exec[m [1m(stop-jfr-datasource)[m @ [36mcryostat[0;1m ---[m
[[1;34mINFO[m] [stdout] jfr-datasource-itest
[[1;34mINFO[m] 
[[1;34mINFO[m] [1m--- [0;32mexec-maven-plugin:3.0.0:exec[m [1m(stop-grafana)[m @ [36mcryostat[0;1m ---[m
[[1;34mINFO[m] [stdout] grafana-itest
[[1;34mINFO[m] 
[[1;34mINFO[m] [1m--- [0;32mexec-maven-plugin:3.0.0:exec[m [1m(stop-container)[m @ [36mcryostat[0;1m ---[m
[[1;34mINFO[m] [stdout] cryostat-itest
[[1;34mINFO[m] 
[[1;34mINFO[m] [1m--- [0;32mexec-maven-plugin:3.0.0:exec[m [1m(destroy-pod)[m @ [36mcryostat[0;1m ---[m
[[1;34mINFO[m] [stdout] 366d1df27faf838edff5a1cb7dba0229f9db5d91eece10faeef7b73f84f182cc
[[1;34mINFO[m] Segment walltime 87 s, segment projects service time 87 s, effective/maximum degree of concurrency 1.00/7
[[1;34mINFO[m] [1m------------------------------------------------------------------------[m
[[1;34mINFO[m] [1;32mBUILD SUCCESS[m
[[1;34mINFO[m] [1m------------------------------------------------------------------------[m
[[1;34mINFO[m] Total time:  01:27 min (Wall Clock)
[[1;34mINFO[m] Finished at: 2021-06-22T16:59:46-04:00
[[1;34mINFO[m] [1m------------------------------------------------------------------------[m
[1mLooking up daemon...[0m  time: [1m00:00[0m[1mConnected to daemon 39fc0a98, scanning for projects[0m[17P[1m...[0m  time: [1m00:00[0m[K[[1;33mWARN[m] Environment mismatch !
[[1;33mWARN[m] A few environment mismatches have been detected between the client and the daemon.
[[1;33mWARN[m]    GNOME_TERMINAL_SCREEN -> /org/gnome/Terminal/screen/48fc37b5_2aa3_47b9_9c69_ecaeee8827ca instead of /org/gnome/Terminal/screen/de035914_167b_4d6e_98f9_be8d98f72ef4
[[1;33mWARN[m]    PS1 -> \[\033[1;32m\]\u@\h \[\033[1;34m\]\w$([[ $? != 0 ]] && echo "\[\033[1;31m\] :(")\[\033[1;33m\]$(__git_ps1) $(hg prompt "({queue}{:{patches|hide_unapplied}}{status}{update}) " 2>/dev/null)\[\033[1;34m\]$\[\033[00m\]  instead of null
[[1;33mWARN[m]    _ -> /home/andrew/bin/mvnd instead of /home/andrew/bin/mvn
[[1;33mWARN[m] If the difference matters to you, stop the running daemons using mvnd --stop and
[[1;33mWARN[m] start a new daemon from the current environment by issuing any mvnd build command.
[[1;34mINFO[m] Processing build on daemon [1m39fc0a98[m
[[1;34mINFO[m] Scanning for projects...
[[1;34mINFO[m] BuildTimeEventSpy is registered.
[[1;34mINFO[m] 
[[1;34mINFO[m] Using the SmartBuilder implementation with a thread count of 7
[[1;34mINFO[m] Task segments : [exec:exec@create-pod, exec:exec@start-jfr-datasource, exec:exec@start-grafana, exec:exec@start-container, exec:exec@wait-for-container, failsafe:integration-test, exec:exec@stop-jfr-datasource, exec:exec@stop-grafana, exec:exec@stop-container, exec:exec@destroy-pod]
[[1;34mINFO[m] Build maximum degree of concurrency is 7
[[1;34mINFO[m] Total number of projects is 1
[[1;34mINFO[m] 
[[1;34mINFO[m] [1m------------------------< [0;36mio.cryostat:cryostat[0;1m >------------------------[m
[[1;34mINFO[m] [1mBuilding cryostat 2.0.0-SNAPSHOT[m
[[1;34mINFO[m] [1m--------------------------------[ jar ]---------------------------------[m
[[1;34mINFO[m] 
[[1;34mINFO[m] [1m--- [0;32mexec-maven-plugin:3.0.0:exec[m [1m(create-pod)[m @ [36mcryostat[0;1m ---[m
[[1;34mINFO[m] [stdout] 65b80a39705e63692b8d6a5703d7d11a484bc33643280610043187a071490429
[[1;34mINFO[m] 
[[1;34mINFO[m] [1m--- [0;32mexec-maven-plugin:3.0.0:exec[m [1m(start-jfr-datasource)[m @ [36mcryostat[0;1m ---[m
[[1;34mINFO[m] [stdout] 1c58c3743d812173ddf2870e838f9de5118cf72079f81db1855097c83f2678a7
[[1;34mINFO[m] 
[[1;34mINFO[m] [1m--- [0;32mexec-maven-plugin:3.0.0:exec[m [1m(start-grafana)[m @ [36mcryostat[0;1m ---[m
[[1;34mINFO[m] [stdout] 51097a0ac156aee4e488d7d05e2b3b5f9cc84a75ca3b2247e1725bd257c18078
[[1;34mINFO[m] 
[[1;34mINFO[m] [1m--- [0;32mexec-maven-plugin:3.0.0:exec[m [1m(start-container)[m @ [36mcryostat[0;1m ---[m
[[1;34mINFO[m] [stdout] dcf840be649db6f43df83537436ad38b9f79f3df22f158bec0c22d136985e782
[[1;34mINFO[m] 
[[1;34mINFO[m] [1m--- [0;32mexec-maven-plugin:3.0.0:exec[m [1m(wait-for-container)[m @ [36mcryostat[0;1m ---[m
[[1;33mWARN[m] [stderr] curl: (56) Recv failure: Connection reset by peer
[[1;34mINFO[m] 
[[1;34mINFO[m] [1m--- [0;32mmaven-failsafe-plugin:2.22.2:integration-test[m [1m(default-cli)[m @ [36mcryostat[0;1m ---[m
[[1;34mINFO[m] 
[[1;34mINFO[m] -------------------------------------------------------
[[1;34mINFO[m]  T E S T S
[[1;34mINFO[m] -------------------------------------------------------
[[1;34mINFO[m] Running itest.[1mApiListingIT[m
[[1;34mINFO[m] [1;32mTests run: [0;1;32m1[m, Failures: 0, Errors: 0, Skipped: 0, Time elapsed: 0.73 s - in itest.[1mApiListingIT[m
[[1;34mINFO[m] Running itest.[1mGrafanaSetupIT[m
[[1;34mINFO[m] [1;32mTests run: [0;1;32m2[m, Failures: 0, Errors: 0, Skipped: 0, Time elapsed: 0.015 s - in itest.[1mGrafanaSetupIT[m
[[1;34mINFO[m] Running itest.[1mUploadRecordingIT[m
[[1;33mWARN[m] [1;33mTests [0;1mrun: [0;1m1[m, Failures: 0, Errors: 0, [1;33mSkipped: [0;1;33m1[m, Time elapsed: 1.362 s - in itest.[1mUploadRecordingIT[m
[[1;34mINFO[m] Running itest.[1mClientUrlIT[m
[[1;34mINFO[m] [1;32mTests run: [0;1;32m4[m, Failures: 0, Errors: 0, Skipped: 0, Time elapsed: 0.034 s - in itest.[1mClientUrlIT[m
[[1;34mINFO[m] Running itest.[1mInterleavedExternalTargetRequestsIT[m
[[1;34mINFO[m] [stdout] {"dashboardAvailable":true,"datasourceAvailable":true}[podman, run, --quiet, --pod=cryostat-itests, --detach, --rm, --env, JMX_PORT=9093, --env, USE_AUTH=true, quay.io/andrewazores/vertx-fib-demo:0.6.0]
[[1;34mINFO[m] [stdout] 3f656de32855a6eaec355a0d2a1320ca18d13b980bc4c2c6f234da6845b852a9
[[1;34mINFO[m] [stdout] [podman, run, --quiet, --pod=cryostat-itests, --detach, --rm, --env, JMX_PORT=9095, --env, USE_AUTH=true, quay.io/andrewazores/vertx-fib-demo:0.6.0]
[[1;34mINFO[m] [stdout] 54a8c23b0848817e3a17f5633762c55ad02360a701218e263d24c47d766f548d
[[1;34mINFO[m] [stdout] [podman, run, --quiet, --pod=cryostat-itests, --detach, --rm, --env, JMX_PORT=9097, --env, USE_AUTH=true, quay.io/andrewazores/vertx-fib-demo:0.6.0]
[[1;34mINFO[m] [stdout] 8372ee674a32829992c7d480f6f29e4251c2f1046758f4a03c7b1b54290a8e9f
[[1;34mINFO[m] [stdout] [podman, run, --quiet, --pod=cryostat-itests, --detach, --rm, --env, JMX_PORT=9100, --env, USE_AUTH=true, quay.io/andrewazores/vertx-fib-demo:0.6.0]
[[1;34mINFO[m] [stdout] 2a02a1955c500786855cf03bdab763b21c4b322713df5530e6e9d319d68e3c3e
[[1;34mINFO[m] [stdout] [podman, run, --quiet, --pod=cryostat-itests, --detach, --rm, --env, JMX_PORT=9098, --env, USE_AUTH=true, quay.io/andrewazores/vertx-fib-demo:0.6.0]
[[1;34mINFO[m] [stdout] cfd67b542c2c66440f08d1d7b9ba16acc404caa20eea9e1ffacc806201677f85
[[1;34mINFO[m] [stdout] [podman, run, --quiet, --pod=cryostat-itests, --detach, --rm, --env, JMX_PORT=9094, --env, USE_AUTH=true, quay.io/andrewazores/vertx-fib-demo:0.6.0]
[[1;34mINFO[m] [stdout] b7eeed28e0db7898c6cd39f92fcf1204c6524dfd783dbee89b753f9782305c20
[[1;34mINFO[m] [stdout] [podman, run, --quiet, --pod=cryostat-itests, --detach, --rm, --env, JMX_PORT=9096, --env, USE_AUTH=true, quay.io/andrewazores/vertx-fib-demo:0.6.0]
[[1;34mINFO[m] [stdout] 669071a0ca16cb3db6334a5e55a060ee41fa69ac34b2c123412efeaf06af0f25
[[1;34mINFO[m] [stdout] [podman, run, --quiet, --pod=cryostat-itests, --detach, --rm, --env, JMX_PORT=9099, --env, USE_AUTH=true, quay.io/andrewazores/vertx-fib-demo:0.6.0]
[[1;34mINFO[m] [stdout] 84f73f99dbd8a90f5098648f4529a2bc389e6b54a0e2e42ef02d1da7a3980b78
[[1;34mINFO[m] [stdout] [podman, container, inspect, --format="{{.State.Status}}", 3f656de32855a6eaec355a0d2a1320ca18d13b980bc4c2c6f234da6845b852a9]
[[1;34mINFO[m] [stdout] [podman, container, inspect, --format="{{.State.Status}}", b7eeed28e0db7898c6cd39f92fcf1204c6524dfd783dbee89b753f9782305c20]
[[1;34mINFO[m] [stdout] [podman, container, inspect, --format="{{.State.Status}}", 669071a0ca16cb3db6334a5e55a060ee41fa69ac34b2c123412efeaf06af0f25]
[[1;34mINFO[m] [stdout] [podman, container, inspect, --format="{{.State.Status}}", 2a02a1955c500786855cf03bdab763b21c4b322713df5530e6e9d319d68e3c3e]
[[1;34mINFO[m] [stdout] [podman, container, inspect, --format="{{.State.Status}}", cfd67b542c2c66440f08d1d7b9ba16acc404caa20eea9e1ffacc806201677f85]
[[1;34mINFO[m] [stdout] [podman, container, inspect, --format="{{.State.Status}}", 8372ee674a32829992c7d480f6f29e4251c2f1046758f4a03c7b1b54290a8e9f]
[[1;34mINFO[m] [stdout] [podman, container, inspect, --format="{{.State.Status}}", 54a8c23b0848817e3a17f5633762c55ad02360a701218e263d24c47d766f548d]
[[1;34mINFO[m] [stdout] [podman, container, inspect, --format="{{.State.Status}}", 84f73f99dbd8a90f5098648f4529a2bc389e6b54a0e2e42ef02d1da7a3980b78]
[[1;34mINFO[m] [stdout] "running"
[[1;34mINFO[m] [stdout] "running"
[[1;34mINFO[m] [stdout] "running"
[[1;34mINFO[m] [stdout] "running"
[[1;34mINFO[m] [stdout] "running"
[[1;34mINFO[m] [stdout] "running"
[[1;34mINFO[m] [stdout] "running"
[[1;34mINFO[m] [stdout] "running"
[[1;33mWARN[m] [stderr] 6 targets found - waiting for setup to complete
[[1;34mINFO[m] [stdout] expected target count observed, counting success 1/3
[[1;34mINFO[m] [stdout] expected target count observed, counting success 2/3
[[1;34mINFO[m] [stdout] expected target count observed, counting success 3/3
[[1;34mINFO[m] [stdout] setup complete, continuing to tests
[[1;34mINFO[m] [stdout] Elapsed time: 9947ms
[[1;34mINFO[m] [stdout] [podman, kill, 3f656de32855a6eaec355a0d2a1320ca18d13b980bc4c2c6f234da6845b852a9]
[[1;34mINFO[m] [stdout] 3f656de32855a6eaec355a0d2a1320ca18d13b980bc4c2c6f234da6845b852a9
[[1;34mINFO[m] [stdout] [podman, kill, 54a8c23b0848817e3a17f5633762c55ad02360a701218e263d24c47d766f548d]
[[1;34mINFO[m] [stdout] 54a8c23b0848817e3a17f5633762c55ad02360a701218e263d24c47d766f548d
[[1;34mINFO[m] [stdout] [podman, kill, 8372ee674a32829992c7d480f6f29e4251c2f1046758f4a03c7b1b54290a8e9f]
[[1;34mINFO[m] [stdout] 8372ee674a32829992c7d480f6f29e4251c2f1046758f4a03c7b1b54290a8e9f
[[1;34mINFO[m] [stdout] [podman, kill, 2a02a1955c500786855cf03bdab763b21c4b322713df5530e6e9d319d68e3c3e]
[[1;34mINFO[m] [stdout] 2a02a1955c500786855cf03bdab763b21c4b322713df5530e6e9d319d68e3c3e
[[1;34mINFO[m] [stdout] [podman, kill, cfd67b542c2c66440f08d1d7b9ba16acc404caa20eea9e1ffacc806201677f85]
[[1;34mINFO[m] [stdout] cfd67b542c2c66440f08d1d7b9ba16acc404caa20eea9e1ffacc806201677f85
[[1;34mINFO[m] [stdout] [podman, kill, b7eeed28e0db7898c6cd39f92fcf1204c6524dfd783dbee89b753f9782305c20]
[[1;34mINFO[m] [stdout] b7eeed28e0db7898c6cd39f92fcf1204c6524dfd783dbee89b753f9782305c20
[[1;34mINFO[m] [stdout] [podman, kill, 669071a0ca16cb3db6334a5e55a060ee41fa69ac34b2c123412efeaf06af0f25]
[[1;34mINFO[m] [stdout] 669071a0ca16cb3db6334a5e55a060ee41fa69ac34b2c123412efeaf06af0f25
[[1;34mINFO[m] [stdout] [podman, kill, 84f73f99dbd8a90f5098648f4529a2bc389e6b54a0e2e42ef02d1da7a3980b78]
[[1;34mINFO[m] [stdout] 84f73f99dbd8a90f5098648f4529a2bc389e6b54a0e2e42ef02d1da7a3980b78
[[1;33mWARN[m] [stderr] 9 targets found - waiting for teardown to complete
[[1;33mWARN[m] [stderr] 9 targets found - waiting for teardown to complete
[[1;34mINFO[m] [stdout] teardown complete
[[1;34mINFO[m] [1;32mTests run: [0;1;32m2[m, Failures: 0, Errors: 0, Skipped: 0, Time elapsed: 53.522 s - in itest.[1mInterleavedExternalTargetRequestsIT[m
[[1;34mINFO[m] Running itest.[1mAutoRulesIT[m
[[1;34mINFO[m] [stdout] [podman, run, --quiet, --pod=cryostat-itests, --detach, --rm, --env, JMX_PORT=9093, --env, USE_AUTH=true, quay.io/andrewazores/vertx-fib-demo:0.6.0]
[[1;34mINFO[m] [stdout] 4633c4548c0eaa0f66206d41cf8147b9a2b1a5dc261fd21d373ad4a95af62fa9
[[1;34mINFO[m] [stdout] [podman, container, inspect, --format="{{.State.Status}}", 4633c4548c0eaa0f66206d41cf8147b9a2b1a5dc261fd21d373ad4a95af62fa9]
[[1;34mINFO[m] [stdout] "running"
[[1;34mINFO[m] [stdout] [podman, kill, 4633c4548c0eaa0f66206d41cf8147b9a2b1a5dc261fd21d373ad4a95af62fa9]
[[1;34mINFO[m] [stdout] 4633c4548c0eaa0f66206d41cf8147b9a2b1a5dc261fd21d373ad4a95af62fa9
[[1;34mINFO[m] [1;32mTests run: [0;1;32m5[m, Failures: 0, Errors: 0, Skipped: 0, Time elapsed: 10.722 s - in itest.[1mAutoRulesIT[m
[[1;34mINFO[m] Running itest.[1mNoopAuthIT[m
[[1;34mINFO[m] [1;32mTests run: [0;1;32m2[m, Failures: 0, Errors: 0, Skipped: 0, Time elapsed: 0.008 s - in itest.[1mNoopAuthIT[m
[[1;34mINFO[m] Running itest.[1mRecordingWorkflowIT[m
[[1;34mINFO[m] [1;32mTests run: [0;1;32m1[m, Failures: 0, Errors: 0, Skipped: 0, Time elapsed: 7.12 s - in itest.[1mRecordingWorkflowIT[m
[[1;34mINFO[m] Running itest.[1mBasicCommandChannelIT[m
[[1;33mWARN[m] [1;33mTests [0;1mrun: [0;1m1[m, Failures: 0, Errors: 0, [1;33mSkipped: [0;1;33m1[m, Time elapsed: 0 s - in itest.[1mBasicCommandChannelIT[m
[[1;34mINFO[m] Running itest.[1mClientAssetsIT[m
[[1;34mINFO[m] [1;32mTests run: [0;1;32m3[m, Failures: 0, Errors: 0, Skipped: 0, Time elapsed: 0.075 s - in itest.[1mClientAssetsIT[m
[[1;34mINFO[m] 
[[1;34mINFO[m] Results:
[[1;34mINFO[m] 
[[1;33mWARN[m] [1;33mTests run: 22, Failures: 0, Errors: 0, Skipped: 2[m
[[1;34mINFO[m] 
[[1;34mINFO[m] 
[[1;34mINFO[m] [1m--- [0;32mexec-maven-plugin:3.0.0:exec[m [1m(stop-jfr-datasource)[m @ [36mcryostat[0;1m ---[m
[[1;34mINFO[m] [stdout] jfr-datasource-itest
[[1;34mINFO[m] 
[[1;34mINFO[m] [1m--- [0;32mexec-maven-plugin:3.0.0:exec[m [1m(stop-grafana)[m @ [36mcryostat[0;1m ---[m
[[1;34mINFO[m] [stdout] grafana-itest
[[1;34mINFO[m] 
[[1;34mINFO[m] [1m--- [0;32mexec-maven-plugin:3.0.0:exec[m [1m(stop-container)[m @ [36mcryostat[0;1m ---[m
[[1;34mINFO[m] [stdout] cryostat-itest
[[1;34mINFO[m] 
[[1;34mINFO[m] [1m--- [0;32mexec-maven-plugin:3.0.0:exec[m [1m(destroy-pod)[m @ [36mcryostat[0;1m ---[m
[[1;34mINFO[m] [stdout] 65b80a39705e63692b8d6a5703d7d11a484bc33643280610043187a071490429
[[1;34mINFO[m] Segment walltime 87 s, segment projects service time 87 s, effective/maximum degree of concurrency 1.00/7
[[1;34mINFO[m] [1m------------------------------------------------------------------------[m
[[1;34mINFO[m] [1;32mBUILD SUCCESS[m
[[1;34mINFO[m] [1m------------------------------------------------------------------------[m
[[1;34mINFO[m] Total time:  01:27 min (Wall Clock)
[[1;34mINFO[m] Finished at: 2021-06-22T17:01:14-04:00
[[1;34mINFO[m] [1m------------------------------------------------------------------------[m
[1mLooking up daemon...[0m  time: [1m00:00[0m[1mConnected to daemon 39fc0a98, scanning for projects[0m[17P[1m...[0m  time: [1m00:00[0m[K[[1;33mWARN[m] Environment mismatch !
[[1;33mWARN[m] A few environment mismatches have been detected between the client and the daemon.
[[1;33mWARN[m]    GNOME_TERMINAL_SCREEN -> /org/gnome/Terminal/screen/48fc37b5_2aa3_47b9_9c69_ecaeee8827ca instead of /org/gnome/Terminal/screen/de035914_167b_4d6e_98f9_be8d98f72ef4
[[1;33mWARN[m]    PS1 -> \[\033[1;32m\]\u@\h \[\033[1;34m\]\w$([[ $? != 0 ]] && echo "\[\033[1;31m\] :(")\[\033[1;33m\]$(__git_ps1) $(hg prompt "({queue}{:{patches|hide_unapplied}}{status}{update}) " 2>/dev/null)\[\033[1;34m\]$\[\033[00m\]  instead of null
[[1;33mWARN[m]    _ -> /home/andrew/bin/mvnd instead of /home/andrew/bin/mvn
[[1;33mWARN[m] If the difference matters to you, stop the running daemons using mvnd --stop and
[[1;33mWARN[m] start a new daemon from the current environment by issuing any mvnd build command.
[[1;34mINFO[m] Processing build on daemon [1m39fc0a98[m
[[1;34mINFO[m] Scanning for projects...
[[1;34mINFO[m] BuildTimeEventSpy is registered.
[[1;34mINFO[m] 
[[1;34mINFO[m] Using the SmartBuilder implementation with a thread count of 7
[[1;34mINFO[m] Task segments : [exec:exec@create-pod, exec:exec@start-jfr-datasource, exec:exec@start-grafana, exec:exec@start-container, exec:exec@wait-for-container, failsafe:integration-test, exec:exec@stop-jfr-datasource, exec:exec@stop-grafana, exec:exec@stop-container, exec:exec@destroy-pod]
[[1;34mINFO[m] Build maximum degree of concurrency is 7
[[1;34mINFO[m] Total number of projects is 1
[[1;34mINFO[m] 
[[1;34mINFO[m] [1m------------------------< [0;36mio.cryostat:cryostat[0;1m >------------------------[m
[[1;34mINFO[m] [1mBuilding cryostat 2.0.0-SNAPSHOT[m
[[1;34mINFO[m] [1m--------------------------------[ jar ]---------------------------------[m
[[1;34mINFO[m] 
[[1;34mINFO[m] [1m--- [0;32mexec-maven-plugin:3.0.0:exec[m [1m(create-pod)[m @ [36mcryostat[0;1m ---[m
[[1;34mINFO[m] [stdout] d974a8dfe0926f2e19152cfceb9350a2f158a79cb493013ab1484cdcf4de1bb6
[[1;34mINFO[m] 
[[1;34mINFO[m] [1m--- [0;32mexec-maven-plugin:3.0.0:exec[m [1m(start-jfr-datasource)[m @ [36mcryostat[0;1m ---[m
[[1;34mINFO[m] [stdout] 91efd8a5714f3b7983eabe953beb7f897c1f3cd4652994f29d714a9112d3e1e7
[[1;34mINFO[m] 
[[1;34mINFO[m] [1m--- [0;32mexec-maven-plugin:3.0.0:exec[m [1m(start-grafana)[m @ [36mcryostat[0;1m ---[m
[[1;34mINFO[m] [stdout] c94ea11becb5f23d1e636a3b30da0ffc7828cf4507353190ac266b437a6a45a4
[[1;34mINFO[m] 
[[1;34mINFO[m] [1m--- [0;32mexec-maven-plugin:3.0.0:exec[m [1m(start-container)[m @ [36mcryostat[0;1m ---[m
[[1;34mINFO[m] [stdout] 675a73750c43263b45d43ffb4b2ec5f704bdea6ae086e71eb662dc84c8d6d21b
[[1;34mINFO[m] 
[[1;34mINFO[m] [1m--- [0;32mexec-maven-plugin:3.0.0:exec[m [1m(wait-for-container)[m @ [36mcryostat[0;1m ---[m
[[1;33mWARN[m] [stderr] curl: (56) Recv failure: Connection reset by peer
[[1;34mINFO[m] 
[[1;34mINFO[m] [1m--- [0;32mmaven-failsafe-plugin:2.22.2:integration-test[m [1m(default-cli)[m @ [36mcryostat[0;1m ---[m
[[1;34mINFO[m] 
[[1;34mINFO[m] -------------------------------------------------------
[[1;34mINFO[m]  T E S T S
[[1;34mINFO[m] -------------------------------------------------------
[[1;34mINFO[m] Running itest.[1mUploadRecordingIT[m
[[1;33mWARN[m] [1;33mTests [0;1mrun: [0;1m1[m, Failures: 0, Errors: 0, [1;33mSkipped: [0;1;33m1[m, Time elapsed: 2.04 s - in itest.[1mUploadRecordingIT[m
[[1;34mINFO[m] Running itest.[1mInterleavedExternalTargetRequestsIT[m
[[1;34mINFO[m] [stdout] {"datasourceAvailable":true,"dashboardAvailable":true}[podman, run, --quiet, --pod=cryostat-itests, --detach, --rm, --env, USE_AUTH=true, --env, JMX_PORT=9096, quay.io/andrewazores/vertx-fib-demo:0.6.0]
[[1;34mINFO[m] [stdout] 237ff3c856ccffe25f1b2180cd0c6291b3b168d06360bfc2854556b11253d5a1
[[1;34mINFO[m] [stdout] [podman, run, --quiet, --pod=cryostat-itests, --detach, --rm, --env, USE_AUTH=true, --env, JMX_PORT=9098, quay.io/andrewazores/vertx-fib-demo:0.6.0]
[[1;34mINFO[m] [stdout] 8a23f4e2a5d92908416c9277e3174bf32b59960b030be1d2e6d5c526f5c0b6df
[[1;34mINFO[m] [stdout] [podman, run, --quiet, --pod=cryostat-itests, --detach, --rm, --env, USE_AUTH=true, --env, JMX_PORT=9093, quay.io/andrewazores/vertx-fib-demo:0.6.0]
[[1;34mINFO[m] [stdout] c1e125ae2ad954d4e3f93b3d1c6b4652f07327b01c23151c1d8e29f5428a9c0d
[[1;34mINFO[m] [stdout] [podman, run, --quiet, --pod=cryostat-itests, --detach, --rm, --env, USE_AUTH=true, --env, JMX_PORT=9094, quay.io/andrewazores/vertx-fib-demo:0.6.0]
[[1;34mINFO[m] [stdout] cddb5a638a21d415c8c87ceb65145c064d2d86b018d239343c8cbe6f4f28af5b
[[1;34mINFO[m] [stdout] [podman, run, --quiet, --pod=cryostat-itests, --detach, --rm, --env, USE_AUTH=true, --env, JMX_PORT=9099, quay.io/andrewazores/vertx-fib-demo:0.6.0]
[[1;34mINFO[m] [stdout] 48bbefa709ab11254b9404ff5613ec17fcbeef0e8a0df69c95eb24d0593f9bad
[[1;34mINFO[m] [stdout] [podman, run, --quiet, --pod=cryostat-itests, --detach, --rm, --env, USE_AUTH=true, --env, JMX_PORT=9095, quay.io/andrewazores/vertx-fib-demo:0.6.0]
[[1;34mINFO[m] [stdout] 3946b0d04dfe93248c8aa7e83ab6cba97ec0cff2d28bd16f5da0dd279d4d4ee3
[[1;34mINFO[m] [stdout] [podman, run, --quiet, --pod=cryostat-itests, --detach, --rm, --env, USE_AUTH=true, --env, JMX_PORT=9100, quay.io/andrewazores/vertx-fib-demo:0.6.0]
[[1;34mINFO[m] [stdout] 8616c7e8d00a4a0f3827efd757eef10a9a6027b2b17c1fee2ff060d12f0e789b
[[1;34mINFO[m] [stdout] [podman, run, --quiet, --pod=cryostat-itests, --detach, --rm, --env, USE_AUTH=true, --env, JMX_PORT=9097, quay.io/andrewazores/vertx-fib-demo:0.6.0]
[[1;34mINFO[m] [stdout] 31a6a9c5817ab632210f68b6c2dc774ad44484d3fc86bf2f2854ffdab2af9307
[[1;34mINFO[m] [stdout] [podman, container, inspect, --format="{{.State.Status}}", 237ff3c856ccffe25f1b2180cd0c6291b3b168d06360bfc2854556b11253d5a1]
[[1;34mINFO[m] [stdout] [podman, container, inspect, --format="{{.State.Status}}", 8616c7e8d00a4a0f3827efd757eef10a9a6027b2b17c1fee2ff060d12f0e789b]
[[1;34mINFO[m] [stdout] [podman, container, inspect, --format="{{.State.Status}}", 3946b0d04dfe93248c8aa7e83ab6cba97ec0cff2d28bd16f5da0dd279d4d4ee3]
[[1;34mINFO[m] [stdout] [podman, container, inspect, --format="{{.State.Status}}", 48bbefa709ab11254b9404ff5613ec17fcbeef0e8a0df69c95eb24d0593f9bad]
[[1;34mINFO[m] [stdout] [podman, container, inspect, --format="{{.State.Status}}", 31a6a9c5817ab632210f68b6c2dc774ad44484d3fc86bf2f2854ffdab2af9307]
[[1;34mINFO[m] [stdout] [podman, container, inspect, --format="{{.State.Status}}", cddb5a638a21d415c8c87ceb65145c064d2d86b018d239343c8cbe6f4f28af5b]
[[1;34mINFO[m] [stdout] [podman, container, inspect, --format="{{.State.Status}}", 8a23f4e2a5d92908416c9277e3174bf32b59960b030be1d2e6d5c526f5c0b6df]
[[1;34mINFO[m] [stdout] [podman, container, inspect, --format="{{.State.Status}}", c1e125ae2ad954d4e3f93b3d1c6b4652f07327b01c23151c1d8e29f5428a9c0d]
[[1;34mINFO[m] [stdout] "running"
[[1;34mINFO[m] [stdout] "running"
[[1;34mINFO[m] [stdout] "running"
[[1;34mINFO[m] [stdout] "running"
[[1;34mINFO[m] [stdout] "running"
[[1;34mINFO[m] [stdout] "running"
[[1;34mINFO[m] [stdout] "running"
[[1;34mINFO[m] [stdout] "running"
[[1;33mWARN[m] [stderr] 6 targets found - waiting for setup to complete
[[1;34mINFO[m] [stdout] expected target count observed, counting success 1/3
[[1;34mINFO[m] [stdout] expected target count observed, counting success 2/3
[[1;34mINFO[m] [stdout] expected target count observed, counting success 3/3
[[1;34mINFO[m] [stdout] setup complete, continuing to tests
[[1;34mINFO[m] [stdout] Elapsed time: 9966ms
[[1;34mINFO[m] [stdout] [podman, kill, 237ff3c856ccffe25f1b2180cd0c6291b3b168d06360bfc2854556b11253d5a1]
[[1;34mINFO[m] [stdout] 237ff3c856ccffe25f1b2180cd0c6291b3b168d06360bfc2854556b11253d5a1
[[1;34mINFO[m] [stdout] [podman, kill, 8a23f4e2a5d92908416c9277e3174bf32b59960b030be1d2e6d5c526f5c0b6df]
[[1;34mINFO[m] [stdout] 8a23f4e2a5d92908416c9277e3174bf32b59960b030be1d2e6d5c526f5c0b6df
[[1;34mINFO[m] [stdout] [podman, kill, c1e125ae2ad954d4e3f93b3d1c6b4652f07327b01c23151c1d8e29f5428a9c0d]
[[1;34mINFO[m] [stdout] c1e125ae2ad954d4e3f93b3d1c6b4652f07327b01c23151c1d8e29f5428a9c0d
[[1;34mINFO[m] [stdout] [podman, kill, cddb5a638a21d415c8c87ceb65145c064d2d86b018d239343c8cbe6f4f28af5b]
[[1;34mINFO[m] [stdout] cddb5a638a21d415c8c87ceb65145c064d2d86b018d239343c8cbe6f4f28af5b
[[1;34mINFO[m] [stdout] [podman, kill, 48bbefa709ab11254b9404ff5613ec17fcbeef0e8a0df69c95eb24d0593f9bad]
[[1;34mINFO[m] [stdout] 48bbefa709ab11254b9404ff5613ec17fcbeef0e8a0df69c95eb24d0593f9bad
[[1;34mINFO[m] [stdout] [podman, kill, 3946b0d04dfe93248c8aa7e83ab6cba97ec0cff2d28bd16f5da0dd279d4d4ee3]
[[1;34mINFO[m] [stdout] 3946b0d04dfe93248c8aa7e83ab6cba97ec0cff2d28bd16f5da0dd279d4d4ee3
[[1;34mINFO[m] [stdout] [podman, kill, 8616c7e8d00a4a0f3827efd757eef10a9a6027b2b17c1fee2ff060d12f0e789b]
[[1;34mINFO[m] [stdout] 8616c7e8d00a4a0f3827efd757eef10a9a6027b2b17c1fee2ff060d12f0e789b
[[1;34mINFO[m] [stdout] [podman, kill, 31a6a9c5817ab632210f68b6c2dc774ad44484d3fc86bf2f2854ffdab2af9307]
[[1;34mINFO[m] [stdout] 31a6a9c5817ab632210f68b6c2dc774ad44484d3fc86bf2f2854ffdab2af9307
[[1;33mWARN[m] [stderr] 9 targets found - waiting for teardown to complete
[[1;33mWARN[m] [stderr] 7 targets found - waiting for teardown to complete
[[1;34mINFO[m] [stdout] teardown complete
[[1;34mINFO[m] [1;32mTests run: [0;1;32m2[m, Failures: 0, Errors: 0, Skipped: 0, Time elapsed: 52.844 s - in itest.[1mInterleavedExternalTargetRequestsIT[m
[[1;34mINFO[m] Running itest.[1mNoopAuthIT[m
[[1;34mINFO[m] [1;32mTests run: [0;1;32m2[m, Failures: 0, Errors: 0, Skipped: 0, Time elapsed: 0.015 s - in itest.[1mNoopAuthIT[m
[[1;34mINFO[m] Running itest.[1mClientUrlIT[m
[[1;34mINFO[m] [1;32mTests run: [0;1;32m4[m, Failures: 0, Errors: 0, Skipped: 0, Time elapsed: 0.024 s - in itest.[1mClientUrlIT[m
[[1;34mINFO[m] Running itest.[1mRecordingWorkflowIT[m
[[1;34mINFO[m] [1;32mTests run: [0;1;32m1[m, Failures: 0, Errors: 0, Skipped: 0, Time elapsed: 7.179 s - in itest.[1mRecordingWorkflowIT[m
[[1;34mINFO[m] Running itest.[1mAutoRulesIT[m
[[1;34mINFO[m] [stdout] [podman, run, --quiet, --pod=cryostat-itests, --detach, --rm, --env, USE_AUTH=true, --env, JMX_PORT=9093, quay.io/andrewazores/vertx-fib-demo:0.6.0]
[[1;34mINFO[m] [stdout] 15ff7ecdef7948e847af1ca6b05da0a59db6471a3ea14910573b05ccf28f79fe
[[1;34mINFO[m] [stdout] [podman, container, inspect, --format="{{.State.Status}}", 15ff7ecdef7948e847af1ca6b05da0a59db6471a3ea14910573b05ccf28f79fe]
[[1;34mINFO[m] [stdout] "running"
[[1;34mINFO[m] [stdout] [podman, kill, 15ff7ecdef7948e847af1ca6b05da0a59db6471a3ea14910573b05ccf28f79fe]
[[1;34mINFO[m] [stdout] 15ff7ecdef7948e847af1ca6b05da0a59db6471a3ea14910573b05ccf28f79fe
[[1;34mINFO[m] [1;32mTests run: [0;1;32m5[m, Failures: 0, Errors: 0, Skipped: 0, Time elapsed: 10.733 s - in itest.[1mAutoRulesIT[m
[[1;34mINFO[m] Running itest.[1mBasicCommandChannelIT[m
[[1;33mWARN[m] [1;33mTests [0;1mrun: [0;1m1[m, Failures: 0, Errors: 0, [1;33mSkipped: [0;1;33m1[m, Time elapsed: 0.001 s - in itest.[1mBasicCommandChannelIT[m
[[1;34mINFO[m] Running itest.[1mClientAssetsIT[m
[[1;34mINFO[m] [1;32mTests run: [0;1;32m3[m, Failures: 0, Errors: 0, Skipped: 0, Time elapsed: 0.113 s - in itest.[1mClientAssetsIT[m
[[1;34mINFO[m] Running itest.[1mApiListingIT[m
[[1;34mINFO[m] [1;32mTests run: [0;1;32m1[m, Failures: 0, Errors: 0, Skipped: 0, Time elapsed: 0.037 s - in itest.[1mApiListingIT[m
[[1;34mINFO[m] Running itest.[1mGrafanaSetupIT[m
[[1;34mINFO[m] [1;32mTests run: [0;1;32m2[m, Failures: 0, Errors: 0, Skipped: 0, Time elapsed: 0.009 s - in itest.[1mGrafanaSetupIT[m
[[1;34mINFO[m] 
[[1;34mINFO[m] Results:
[[1;34mINFO[m] 
[[1;33mWARN[m] [1;33mTests run: 22, Failures: 0, Errors: 0, Skipped: 2[m
[[1;34mINFO[m] 
[[1;34mINFO[m] 
[[1;34mINFO[m] [1m--- [0;32mexec-maven-plugin:3.0.0:exec[m [1m(stop-jfr-datasource)[m @ [36mcryostat[0;1m ---[m
[[1;34mINFO[m] [stdout] jfr-datasource-itest
[[1;34mINFO[m] 
[[1;34mINFO[m] [1m--- [0;32mexec-maven-plugin:3.0.0:exec[m [1m(stop-grafana)[m @ [36mcryostat[0;1m ---[m
[[1;34mINFO[m] [stdout] grafana-itest
[[1;34mINFO[m] 
[[1;34mINFO[m] [1m--- [0;32mexec-maven-plugin:3.0.0:exec[m [1m(stop-container)[m @ [36mcryostat[0;1m ---[m
[[1;34mINFO[m] [stdout] cryostat-itest
[[1;34mINFO[m] 
[[1;34mINFO[m] [1m--- [0;32mexec-maven-plugin:3.0.0:exec[m [1m(destroy-pod)[m @ [36mcryostat[0;1m ---[m
[[1;34mINFO[m] [stdout] d974a8dfe0926f2e19152cfceb9350a2f158a79cb493013ab1484cdcf4de1bb6
[[1;34mINFO[m] Segment walltime 86 s, segment projects service time 86 s, effective/maximum degree of concurrency 1.00/7
[[1;34mINFO[m] [1m------------------------------------------------------------------------[m
[[1;34mINFO[m] [1;32mBUILD SUCCESS[m
[[1;34mINFO[m] [1m------------------------------------------------------------------------[m
[[1;34mINFO[m] Total time:  01:26 min (Wall Clock)
[[1;34mINFO[m] Finished at: 2021-06-22T17:02:41-04:00
[[1;34mINFO[m] [1m------------------------------------------------------------------------[m
[1mLooking up daemon...[0m  time: [1m00:00[0m[1mConnected to daemon 39fc0a98, scanning for projects[0m[17P[1m...[0m  time: [1m00:00[0m[K[[1;33mWARN[m] Environment mismatch !
[[1;33mWARN[m] A few environment mismatches have been detected between the client and the daemon.
[[1;33mWARN[m]    GNOME_TERMINAL_SCREEN -> /org/gnome/Terminal/screen/48fc37b5_2aa3_47b9_9c69_ecaeee8827ca instead of /org/gnome/Terminal/screen/de035914_167b_4d6e_98f9_be8d98f72ef4
[[1;33mWARN[m]    PS1 -> \[\033[1;32m\]\u@\h \[\033[1;34m\]\w$([[ $? != 0 ]] && echo "\[\033[1;31m\] :(")\[\033[1;33m\]$(__git_ps1) $(hg prompt "({queue}{:{patches|hide_unapplied}}{status}{update}) " 2>/dev/null)\[\033[1;34m\]$\[\033[00m\]  instead of null
[[1;33mWARN[m]    _ -> /home/andrew/bin/mvnd instead of /home/andrew/bin/mvn
[[1;33mWARN[m] If the difference matters to you, stop the running daemons using mvnd --stop and
[[1;33mWARN[m] start a new daemon from the current environment by issuing any mvnd build command.
[[1;34mINFO[m] Processing build on daemon [1m39fc0a98[m
[[1;34mINFO[m] Scanning for projects...
[[1;34mINFO[m] BuildTimeEventSpy is registered.
[[1;34mINFO[m] 
[[1;34mINFO[m] Using the SmartBuilder implementation with a thread count of 7
[[1;34mINFO[m] Task segments : [exec:exec@create-pod, exec:exec@start-jfr-datasource, exec:exec@start-grafana, exec:exec@start-container, exec:exec@wait-for-container, failsafe:integration-test, exec:exec@stop-jfr-datasource, exec:exec@stop-grafana, exec:exec@stop-container, exec:exec@destroy-pod]
[[1;34mINFO[m] Build maximum degree of concurrency is 7
[[1;34mINFO[m] Total number of projects is 1
[[1;34mINFO[m] 
[[1;34mINFO[m] [1m------------------------< [0;36mio.cryostat:cryostat[0;1m >------------------------[m
[[1;34mINFO[m] [1mBuilding cryostat 2.0.0-SNAPSHOT[m
[[1;34mINFO[m] [1m--------------------------------[ jar ]---------------------------------[m
[[1;34mINFO[m] 
[[1;34mINFO[m] [1m--- [0;32mexec-maven-plugin:3.0.0:exec[m [1m(create-pod)[m @ [36mcryostat[0;1m ---[m
[[1;34mINFO[m] [stdout] 64c6e70b86778f437a5c0665a570481da067b1d9b58707ab36651a822226f6b0
[[1;34mINFO[m] 
[[1;34mINFO[m] [1m--- [0;32mexec-maven-plugin:3.0.0:exec[m [1m(start-jfr-datasource)[m @ [36mcryostat[0;1m ---[m
[[1;34mINFO[m] [stdout] cba73f33e9659735297e26f39b78f95c9a4da0222ad6d2bd4a049f10c7988047
[[1;34mINFO[m] 
[[1;34mINFO[m] [1m--- [0;32mexec-maven-plugin:3.0.0:exec[m [1m(start-grafana)[m @ [36mcryostat[0;1m ---[m
[[1;34mINFO[m] [stdout] 5d0263abbd992ecac6c935d80720ccbacf011f3e907c57d449baeb2a8106bc71
[[1;34mINFO[m] 
[[1;34mINFO[m] [1m--- [0;32mexec-maven-plugin:3.0.0:exec[m [1m(start-container)[m @ [36mcryostat[0;1m ---[m
[[1;34mINFO[m] [stdout] 4ebfa70ddb6bce500ed737e6577aeb20771d04d405d182963210b24a683773ef
[[1;34mINFO[m] 
[[1;34mINFO[m] [1m--- [0;32mexec-maven-plugin:3.0.0:exec[m [1m(wait-for-container)[m @ [36mcryostat[0;1m ---[m
[[1;33mWARN[m] [stderr] curl: (56) Recv failure: Connection reset by peer
[[1;34mINFO[m] 
[[1;34mINFO[m] [1m--- [0;32mmaven-failsafe-plugin:2.22.2:integration-test[m [1m(default-cli)[m @ [36mcryostat[0;1m ---[m
[[1;34mINFO[m] 
[[1;34mINFO[m] -------------------------------------------------------
[[1;34mINFO[m]  T E S T S
[[1;34mINFO[m] -------------------------------------------------------
[[1;34mINFO[m] Running itest.[1mClientAssetsIT[m
[[1;34mINFO[m] [1;32mTests run: [0;1;32m3[m, Failures: 0, Errors: 0, Skipped: 0, Time elapsed: 0.599 s - in itest.[1mClientAssetsIT[m
[[1;34mINFO[m] Running itest.[1mBasicCommandChannelIT[m
[[1;33mWARN[m] [1;33mTests [0;1mrun: [0;1m1[m, Failures: 0, Errors: 0, [1;33mSkipped: [0;1;33m1[m, Time elapsed: 0.001 s - in itest.[1mBasicCommandChannelIT[m
[[1;34mINFO[m] Running itest.[1mClientUrlIT[m
[[1;34mINFO[m] [1;32mTests run: [0;1;32m4[m, Failures: 0, Errors: 0, Skipped: 0, Time elapsed: 0.031 s - in itest.[1mClientUrlIT[m
[[1;34mINFO[m] Running itest.[1mRecordingWorkflowIT[m
[[1;34mINFO[m] [1;32mTests run: [0;1;32m1[m, Failures: 0, Errors: 0, Skipped: 0, Time elapsed: 8.86 s - in itest.[1mRecordingWorkflowIT[m
[[1;34mINFO[m] Running itest.[1mInterleavedExternalTargetRequestsIT[m
[[1;34mINFO[m] [stdout] {"dashboardAvailable":true,"datasourceAvailable":true}[podman, run, --quiet, --pod=cryostat-itests, --detach, --rm, --env, USE_AUTH=true, --env, JMX_PORT=9093, quay.io/andrewazores/vertx-fib-demo:0.6.0]
[[1;34mINFO[m] [stdout] 556068beba1af25b47f2d3e4f7f72b5c4b5f1dd3f2c90d54eca672248b4149bb
[[1;34mINFO[m] [stdout] [podman, run, --quiet, --pod=cryostat-itests, --detach, --rm, --env, USE_AUTH=true, --env, JMX_PORT=9095, quay.io/andrewazores/vertx-fib-demo:0.6.0]
[[1;34mINFO[m] [stdout] 7dc71da614c17918bc91db80c6b3bf869e81144ad116962c9810cdaf898c2674
[[1;34mINFO[m] [stdout] [podman, run, --quiet, --pod=cryostat-itests, --detach, --rm, --env, USE_AUTH=true, --env, JMX_PORT=9098, quay.io/andrewazores/vertx-fib-demo:0.6.0]
[[1;34mINFO[m] [stdout] ebc50316a91c7163518fe2fd154d2b63995319a177c0bac8d0897d62cf2f594c
[[1;34mINFO[m] [stdout] [podman, run, --quiet, --pod=cryostat-itests, --detach, --rm, --env, USE_AUTH=true, --env, JMX_PORT=9099, quay.io/andrewazores/vertx-fib-demo:0.6.0]
[[1;34mINFO[m] [stdout] f7e7b2287927013b32c01f179397261845196443e93840dcd3e4b928f1536b80
[[1;34mINFO[m] [stdout] [podman, run, --quiet, --pod=cryostat-itests, --detach, --rm, --env, USE_AUTH=true, --env, JMX_PORT=9094, quay.io/andrewazores/vertx-fib-demo:0.6.0]
[[1;34mINFO[m] [stdout] d41550d4f9c063ee672dc3d3435b7e38cecb3d561d16b231578a42a88eeba8a6
[[1;34mINFO[m] [stdout] [podman, run, --quiet, --pod=cryostat-itests, --detach, --rm, --env, USE_AUTH=true, --env, JMX_PORT=9096, quay.io/andrewazores/vertx-fib-demo:0.6.0]
[[1;34mINFO[m] [stdout] e62023db25813be09d1f08e2bfff0261e14a07e886cd3293b18d00c29e796553
[[1;34mINFO[m] [stdout] [podman, run, --quiet, --pod=cryostat-itests, --detach, --rm, --env, USE_AUTH=true, --env, JMX_PORT=9100, quay.io/andrewazores/vertx-fib-demo:0.6.0]
[[1;34mINFO[m] [stdout] 49aaccae6f0f54e7ae8bb7e6948f16897d10c1891db70b671511c8542f91e2d6
[[1;34mINFO[m] [stdout] [podman, run, --quiet, --pod=cryostat-itests, --detach, --rm, --env, USE_AUTH=true, --env, JMX_PORT=9097, quay.io/andrewazores/vertx-fib-demo:0.6.0]
[[1;34mINFO[m] [stdout] 5a7ae55268c2e1e2f83cbbf3d3b7efbcda7dbb85a0ff48bd3bf937fef6dcdc6e
[[1;34mINFO[m] [stdout] [podman, container, inspect, --format="{{.State.Status}}", 556068beba1af25b47f2d3e4f7f72b5c4b5f1dd3f2c90d54eca672248b4149bb]
[[1;34mINFO[m] [stdout] [podman, container, inspect, --format="{{.State.Status}}", d41550d4f9c063ee672dc3d3435b7e38cecb3d561d16b231578a42a88eeba8a6]
[[1;34mINFO[m] [stdout] [podman, container, inspect, --format="{{.State.Status}}", 49aaccae6f0f54e7ae8bb7e6948f16897d10c1891db70b671511c8542f91e2d6]
[[1;34mINFO[m] [stdout] [podman, container, inspect, --format="{{.State.Status}}", 5a7ae55268c2e1e2f83cbbf3d3b7efbcda7dbb85a0ff48bd3bf937fef6dcdc6e]
[[1;34mINFO[m] [stdout] [podman, container, inspect, --format="{{.State.Status}}", f7e7b2287927013b32c01f179397261845196443e93840dcd3e4b928f1536b80]
[[1;34mINFO[m] [stdout] [podman, container, inspect, --format="{{.State.Status}}", ebc50316a91c7163518fe2fd154d2b63995319a177c0bac8d0897d62cf2f594c]
[[1;34mINFO[m] [stdout] [podman, container, inspect, --format="{{.State.Status}}", 7dc71da614c17918bc91db80c6b3bf869e81144ad116962c9810cdaf898c2674]
[[1;34mINFO[m] [stdout] [podman, container, inspect, --format="{{.State.Status}}", e62023db25813be09d1f08e2bfff0261e14a07e886cd3293b18d00c29e796553]
[[1;34mINFO[m] [stdout] "running"
[[1;34mINFO[m] [stdout] "running"
[[1;34mINFO[m] [stdout] "running"
[[1;34mINFO[m] [stdout] "running"
[[1;34mINFO[m] [stdout] "running"
[[1;34mINFO[m] [stdout] "running"
[[1;34mINFO[m] [stdout] "running"
[[1;34mINFO[m] [stdout] "running"
[[1;33mWARN[m] [stderr] 7 targets found - waiting for setup to complete
[[1;34mINFO[m] [stdout] expected target count observed, counting success 1/3
[[1;34mINFO[m] [stdout] expected target count observed, counting success 2/3
[[1;34mINFO[m] [stdout] expected target count observed, counting success 3/3
[[1;34mINFO[m] [stdout] setup complete, continuing to tests
