[1mLooking up daemon...[0m  time: [1m00:00[0m[1mConnected to daemon 39fc0a98, scanning for projects[0m[17P[1m...[0m  time: [1m00:00[0m[K[[1;33mWARN[m] Environment mismatch !
[[1;33mWARN[m] A few environment mismatches have been detected between the client and the daemon.
[[1;33mWARN[m]    GNOME_TERMINAL_SCREEN -> /org/gnome/Terminal/screen/48fc37b5_2aa3_47b9_9c69_ecaeee8827ca instead of /org/gnome/Terminal/screen/de035914_167b_4d6e_98f9_be8d98f72ef4
[[1;33mWARN[m]    PS1 -> \[\033[1;32m\]\u@\h \[\033[1;34m\]\w$([[ $? != 0 ]] && echo "\[\033[1;31m\] :(")\[\033[1;33m\]$(__git_ps1) $(hg prompt "({queue}{:{patches|hide_unapplied}}{status}{update}) " 2>/dev/null)\[\033[1;34m\]$\[\033[00m\]  instead of null
[[1;33mWARN[m]    _ -> /home/andrew/bin/mvnd instead of /home/andrew/bin/mvn
[[1;33mWARN[m] If the difference matters to you, stop the running daemons using mvnd --stop and
[[1;33mWARN[m] start a new daemon from the current environment by issuing any mvnd build command.
[[1;34mINFO[m] Processing build on daemon [1m39fc0a98[m
[[1;34mINFO[m] Scanning for projects...
[[1;34mINFO[m] BuildTimeEventSpy is registered.
[[1;34mINFO[m] 
[[1;34mINFO[m] Using the SmartBuilder implementation with a thread count of 7
[[1;34mINFO[m] Task segments : [exec:exec@create-pod, exec:exec@start-jfr-datasource, exec:exec@start-grafana, exec:exec@start-container, exec:exec@wait-for-container, failsafe:integration-test, exec:exec@stop-jfr-datasource, exec:exec@stop-grafana, exec:exec@stop-container, exec:exec@destroy-pod]
[[1;34mINFO[m] Build maximum degree of concurrency is 7
[[1;34mINFO[m] Total number of projects is 1
[[1;34mINFO[m] 
[[1;34mINFO[m] [1m------------------------< [0;36mio.cryostat:cryostat[0;1m >------------------------[m
[[1;34mINFO[m] [1mBuilding cryostat 2.0.0-SNAPSHOT[m
[[1;34mINFO[m] [1m--------------------------------[ jar ]---------------------------------[m
[[1;34mINFO[m] 
[[1;34mINFO[m] [1m--- [0;32mexec-maven-plugin:3.0.0:exec[m [1m(create-pod)[m @ [36mcryostat[0;1m ---[m
[[1;34mINFO[m] [stdout] 49c69da36a2b4a13b559e3e7eccdef74ef8ae1539f4d52e2441efa4145786a77
[[1;34mINFO[m] 
[[1;34mINFO[m] [1m--- [0;32mexec-maven-plugin:3.0.0:exec[m [1m(start-jfr-datasource)[m @ [36mcryostat[0;1m ---[m
[[1;34mINFO[m] [stdout] c231a08b83c4e057c5d6ffadb90a3edb6da8f3363df24aa7e0777d828920b292
[[1;34mINFO[m] 
[[1;34mINFO[m] [1m--- [0;32mexec-maven-plugin:3.0.0:exec[m [1m(start-grafana)[m @ [36mcryostat[0;1m ---[m
[[1;34mINFO[m] [stdout] 7c2a4cef5c6a47ca99b214129fdf5060380dee6aa695bae826714f09a1854d59
[[1;34mINFO[m] 
[[1;34mINFO[m] [1m--- [0;32mexec-maven-plugin:3.0.0:exec[m [1m(start-container)[m @ [36mcryostat[0;1m ---[m
[[1;34mINFO[m] [stdout] 29d387e19ee40b3609221fe97b7465152c1410d09af23575d4627d426a44850e
[[1;34mINFO[m] 
[[1;34mINFO[m] [1m--- [0;32mexec-maven-plugin:3.0.0:exec[m [1m(wait-for-container)[m @ [36mcryostat[0;1m ---[m
[[1;33mWARN[m] [stderr] curl: (56) Recv failure: Connection reset by peer
[[1;34mINFO[m] 
[[1;34mINFO[m] [1m--- [0;32mmaven-failsafe-plugin:2.22.2:integration-test[m [1m(default-cli)[m @ [36mcryostat[0;1m ---[m
[[1;34mINFO[m] 
[[1;34mINFO[m] -------------------------------------------------------
[[1;34mINFO[m]  T E S T S
[[1;34mINFO[m] -------------------------------------------------------
[[1;34mINFO[m] Running itest.[1mUploadRecordingIT[m
[[1;33mWARN[m] [1;33mTests [0;1mrun: [0;1m1[m, Failures: 0, Errors: 0, [1;33mSkipped: [0;1;33m1[m, Time elapsed: 2.172 s - in itest.[1mUploadRecordingIT[m
[[1;34mINFO[m] Running itest.[1mRecordingWorkflowIT[m
[[1;34mINFO[m] [1;32mTests run: [0;1;32m1[m, Failures: 0, Errors: 0, Skipped: 0, Time elapsed: 7.395 s - in itest.[1mRecordingWorkflowIT[m
[[1;34mINFO[m] Running itest.[1mBasicCommandChannelIT[m
[[1;33mWARN[m] [1;33mTests [0;1mrun: [0;1m1[m, Failures: 0, Errors: 0, [1;33mSkipped: [0;1;33m1[m, Time elapsed: 0 s - in itest.[1mBasicCommandChannelIT[m
[[1;34mINFO[m] Running itest.[1mNoopAuthIT[m
[[1;34mINFO[m] [1;32mTests run: [0;1;32m2[m, Failures: 0, Errors: 0, Skipped: 0, Time elapsed: 0.028 s - in itest.[1mNoopAuthIT[m
[[1;34mINFO[m] Running itest.[1mApiListingIT[m
[[1;34mINFO[m] [1;32mTests run: [0;1;32m1[m, Failures: 0, Errors: 0, Skipped: 0, Time elapsed: 0.058 s - in itest.[1mApiListingIT[m
[[1;34mINFO[m] Running itest.[1mInterleavedExternalTargetRequestsIT[m
[[1;34mINFO[m] [stdout] {"dashboardAvailable":true,"datasourceAvailable":true}[podman, run, --quiet, --pod=cryostat-itests, --detach, --rm, --env, USE_AUTH=true, --env, JMX_PORT=9099, quay.io/andrewazores/vertx-fib-demo:0.6.0]
[[1;34mINFO[m] [stdout] eaa637bca59297321dbafd42c8335c27369836750139377ce950724ff376d337
[[1;34mINFO[m] [stdout] [podman, run, --quiet, --pod=cryostat-itests, --detach, --rm, --env, USE_AUTH=true, --env, JMX_PORT=9097, quay.io/andrewazores/vertx-fib-demo:0.6.0]
[[1;34mINFO[m] [stdout] d8b50cce95ad277bad64fc40f545004162ebea18444017761e1d381862765300
[[1;34mINFO[m] [stdout] [podman, run, --quiet, --pod=cryostat-itests, --detach, --rm, --env, USE_AUTH=true, --env, JMX_PORT=9098, quay.io/andrewazores/vertx-fib-demo:0.6.0]
[[1;34mINFO[m] [stdout] f626f372433dcfa4d15c4f388aa46fb1a896e32f28a867bdc896dad3a940303f
[[1;34mINFO[m] [stdout] [podman, run, --quiet, --pod=cryostat-itests, --detach, --rm, --env, USE_AUTH=true, --env, JMX_PORT=9100, quay.io/andrewazores/vertx-fib-demo:0.6.0]
[[1;34mINFO[m] [stdout] 3986b00d2b9cb97b22042c1a8c37f89675c10d79d38fcb69ba18f61c6e95a1fa
[[1;34mINFO[m] [stdout] [podman, run, --quiet, --pod=cryostat-itests, --detach, --rm, --env, USE_AUTH=true, --env, JMX_PORT=9093, quay.io/andrewazores/vertx-fib-demo:0.6.0]
[[1;34mINFO[m] [stdout] 6fcb068d6b7670ad5865d4dd4adecdce270e286ec22bb109996527a61bbe9ddf
[[1;34mINFO[m] [stdout] [podman, run, --quiet, --pod=cryostat-itests, --detach, --rm, --env, USE_AUTH=true, --env, JMX_PORT=9094, quay.io/andrewazores/vertx-fib-demo:0.6.0]
[[1;34mINFO[m] [stdout] 7914bd4a691eace2fc344de6ef3351517a967b8e7ae09b98697849ad44d3d8dd
[[1;34mINFO[m] [stdout] [podman, run, --quiet, --pod=cryostat-itests, --detach, --rm, --env, USE_AUTH=true, --env, JMX_PORT=9095, quay.io/andrewazores/vertx-fib-demo:0.6.0]
[[1;34mINFO[m] [stdout] 8580ca87bf07ab8c5303921be3c061b24a835e69ab29f6debd91a7d16bcb0608
[[1;34mINFO[m] [stdout] [podman, run, --quiet, --pod=cryostat-itests, --detach, --rm, --env, USE_AUTH=true, --env, JMX_PORT=9096, quay.io/andrewazores/vertx-fib-demo:0.6.0]
[[1;34mINFO[m] [stdout] 3dce5a8dab65405e836bcf6ce0bd4c55a3c148b1fb1429069fce3f73538b73e0
[[1;34mINFO[m] [stdout] [podman, container, inspect, --format="{{.State.Status}}", eaa637bca59297321dbafd42c8335c27369836750139377ce950724ff376d337]
[[1;34mINFO[m] [stdout] [podman, container, inspect, --format="{{.State.Status}}", 7914bd4a691eace2fc344de6ef3351517a967b8e7ae09b98697849ad44d3d8dd]
[[1;34mINFO[m] [stdout] [podman, container, inspect, --format="{{.State.Status}}", 3986b00d2b9cb97b22042c1a8c37f89675c10d79d38fcb69ba18f61c6e95a1fa]
[[1;34mINFO[m] [stdout] [podman, container, inspect, --format="{{.State.Status}}", d8b50cce95ad277bad64fc40f545004162ebea18444017761e1d381862765300]
[[1;34mINFO[m] [stdout] [podman, container, inspect, --format="{{.State.Status}}", f626f372433dcfa4d15c4f388aa46fb1a896e32f28a867bdc896dad3a940303f]
[[1;34mINFO[m] [stdout] [podman, container, inspect, --format="{{.State.Status}}", 8580ca87bf07ab8c5303921be3c061b24a835e69ab29f6debd91a7d16bcb0608]
[[1;34mINFO[m] [stdout] [podman, container, inspect, --format="{{.State.Status}}", 6fcb068d6b7670ad5865d4dd4adecdce270e286ec22bb109996527a61bbe9ddf]
[[1;34mINFO[m] [stdout] [podman, container, inspect, --format="{{.State.Status}}", 3dce5a8dab65405e836bcf6ce0bd4c55a3c148b1fb1429069fce3f73538b73e0]
[[1;34mINFO[m] [stdout] "running"
[[1;34mINFO[m] [stdout] "running"
[[1;34mINFO[m] [stdout] "running"
[[1;34mINFO[m] [stdout] "running"
[[1;34mINFO[m] [stdout] "running"
[[1;34mINFO[m] [stdout] "running"
[[1;34mINFO[m] [stdout] "running"
[[1;34mINFO[m] [stdout] "running"
[[1;33mWARN[m] [stderr] 7 targets found - waiting for setup to complete
[[1;34mINFO[m] [stdout] setup complete, continuing to tests
[[1;34mINFO[m] [stdout] Elapsed time: 9878ms
[[1;34mINFO[m] [stdout] [podman, kill, eaa637bca59297321dbafd42c8335c27369836750139377ce950724ff376d337]
[[1;34mINFO[m] [stdout] eaa637bca59297321dbafd42c8335c27369836750139377ce950724ff376d337
[[1;34mINFO[m] [stdout] [podman, kill, d8b50cce95ad277bad64fc40f545004162ebea18444017761e1d381862765300]
[[1;34mINFO[m] [stdout] d8b50cce95ad277bad64fc40f545004162ebea18444017761e1d381862765300
[[1;34mINFO[m] [stdout] [podman, kill, f626f372433dcfa4d15c4f388aa46fb1a896e32f28a867bdc896dad3a940303f]
[[1;34mINFO[m] [stdout] f626f372433dcfa4d15c4f388aa46fb1a896e32f28a867bdc896dad3a940303f
[[1;34mINFO[m] [stdout] [podman, kill, 3986b00d2b9cb97b22042c1a8c37f89675c10d79d38fcb69ba18f61c6e95a1fa]
[[1;34mINFO[m] [stdout] 3986b00d2b9cb97b22042c1a8c37f89675c10d79d38fcb69ba18f61c6e95a1fa
[[1;34mINFO[m] [stdout] [podman, kill, 6fcb068d6b7670ad5865d4dd4adecdce270e286ec22bb109996527a61bbe9ddf]
[[1;34mINFO[m] [stdout] 6fcb068d6b7670ad5865d4dd4adecdce270e286ec22bb109996527a61bbe9ddf
[[1;34mINFO[m] [stdout] [podman, kill, 7914bd4a691eace2fc344de6ef3351517a967b8e7ae09b98697849ad44d3d8dd]
[[1;34mINFO[m] [stdout] 7914bd4a691eace2fc344de6ef3351517a967b8e7ae09b98697849ad44d3d8dd
[[1;34mINFO[m] [stdout] [podman, kill, 8580ca87bf07ab8c5303921be3c061b24a835e69ab29f6debd91a7d16bcb0608]
[[1;34mINFO[m] [stdout] 8580ca87bf07ab8c5303921be3c061b24a835e69ab29f6debd91a7d16bcb0608
[[1;34mINFO[m] [stdout] [podman, kill, 3dce5a8dab65405e836bcf6ce0bd4c55a3c148b1fb1429069fce3f73538b73e0]
[[1;34mINFO[m] [stdout] 3dce5a8dab65405e836bcf6ce0bd4c55a3c148b1fb1429069fce3f73538b73e0
[[1;33mWARN[m] [stderr] 9 targets found - waiting for teardown to complete
[[1;33mWARN[m] [stderr] 9 targets found - waiting for teardown to complete
[[1;34mINFO[m] [stdout] teardown complete
[[1;34mINFO[m] [1;32mTests run: [0;1;32m2[m, Failures: 0, Errors: 0, Skipped: 0, Time elapsed: 37.382 s - in itest.[1mInterleavedExternalTargetRequestsIT[m
[[1;34mINFO[m] Running itest.[1mAutoRulesIT[m
[[1;34mINFO[m] [stdout] [podman, run, --quiet, --pod=cryostat-itests, --detach, --rm, --env, USE_AUTH=true, --env, JMX_PORT=9093, quay.io/andrewazores/vertx-fib-demo:0.6.0]
[[1;34mINFO[m] [stdout] fbe8413d82d93fe59acd5dc948bd75f53867a4d7f1ff425f025da8bef07feb5c
[[1;34mINFO[m] [stdout] [podman, container, inspect, --format="{{.State.Status}}", fbe8413d82d93fe59acd5dc948bd75f53867a4d7f1ff425f025da8bef07feb5c]
[[1;34mINFO[m] [stdout] "running"
[[1;34mINFO[m] [stdout] [podman, kill, fbe8413d82d93fe59acd5dc948bd75f53867a4d7f1ff425f025da8bef07feb5c]
[[1;34mINFO[m] [stdout] fbe8413d82d93fe59acd5dc948bd75f53867a4d7f1ff425f025da8bef07feb5c
[[1;34mINFO[m] [1;32mTests run: [0;1;32m5[m, Failures: 0, Errors: 0, Skipped: 0, Time elapsed: 10.766 s - in itest.[1mAutoRulesIT[m
[[1;34mINFO[m] Running itest.[1mClientAssetsIT[m
[[1;34mINFO[m] [1;32mTests run: [0;1;32m3[m, Failures: 0, Errors: 0, Skipped: 0, Time elapsed: 0.116 s - in itest.[1mClientAssetsIT[m
[[1;34mINFO[m] Running itest.[1mClientUrlIT[m
[[1;34mINFO[m] [1;32mTests run: [0;1;32m4[m, Failures: 0, Errors: 0, Skipped: 0, Time elapsed: 0.022 s - in itest.[1mClientUrlIT[m
[[1;34mINFO[m] Running itest.[1mGrafanaSetupIT[m
[[1;34mINFO[m] [1;32mTests run: [0;1;32m2[m, Failures: 0, Errors: 0, Skipped: 0, Time elapsed: 0.009 s - in itest.[1mGrafanaSetupIT[m
[[1;34mINFO[m] 
[[1;34mINFO[m] Results:
[[1;34mINFO[m] 
[[1;33mWARN[m] [1;33mTests run: 22, Failures: 0, Errors: 0, Skipped: 2[m
[[1;34mINFO[m] 
[[1;34mINFO[m] 
[[1;34mINFO[m] [1m--- [0;32mexec-maven-plugin:3.0.0:exec[m [1m(stop-jfr-datasource)[m @ [36mcryostat[0;1m ---[m
[[1;34mINFO[m] [stdout] jfr-datasource-itest
[[1;34mINFO[m] 
[[1;34mINFO[m] [1m--- [0;32mexec-maven-plugin:3.0.0:exec[m [1m(stop-grafana)[m @ [36mcryostat[0;1m ---[m
[[1;34mINFO[m] [stdout] grafana-itest
[[1;34mINFO[m] 
[[1;34mINFO[m] [1m--- [0;32mexec-maven-plugin:3.0.0:exec[m [1m(stop-container)[m @ [36mcryostat[0;1m ---[m
[[1;34mINFO[m] [stdout] cryostat-itest
[[1;34mINFO[m] 
[[1;34mINFO[m] [1m--- [0;32mexec-maven-plugin:3.0.0:exec[m [1m(destroy-pod)[m @ [36mcryostat[0;1m ---[m
[[1;34mINFO[m] [stdout] 49c69da36a2b4a13b559e3e7eccdef74ef8ae1539f4d52e2441efa4145786a77
[[1;34mINFO[m] Segment walltime 72 s, segment projects service time 72 s, effective/maximum degree of concurrency 1.00/7
[[1;34mINFO[m] [1m------------------------------------------------------------------------[m
[[1;34mINFO[m] [1;32mBUILD SUCCESS[m
[[1;34mINFO[m] [1m------------------------------------------------------------------------[m
[[1;34mINFO[m] Total time:  01:12 min (Wall Clock)
[[1;34mINFO[m] Finished at: 2021-06-22T16:47:02-04:00
[[1;34mINFO[m] [1m------------------------------------------------------------------------[m
Purged 2 log files (log available in /home/andrew/.m2/mvnd/registry/0.4.1/purge-2021-06-22.log)
[1mLooking up daemon...[0m  time: [1m00:00[0m[1mConnected to daemon 39fc0a98, scanning for projects[0m[17P[1m...[0m  time: [1m00:00[0m[K[[1;33mWARN[m] Environment mismatch !
[[1;33mWARN[m] A few environment mismatches have been detected between the client and the daemon.
[[1;33mWARN[m]    GNOME_TERMINAL_SCREEN -> /org/gnome/Terminal/screen/48fc37b5_2aa3_47b9_9c69_ecaeee8827ca instead of /org/gnome/Terminal/screen/de035914_167b_4d6e_98f9_be8d98f72ef4
[[1;33mWARN[m]    PS1 -> \[\033[1;32m\]\u@\h \[\033[1;34m\]\w$([[ $? != 0 ]] && echo "\[\033[1;31m\] :(")\[\033[1;33m\]$(__git_ps1) $(hg prompt "({queue}{:{patches|hide_unapplied}}{status}{update}) " 2>/dev/null)\[\033[1;34m\]$\[\033[00m\]  instead of null
[[1;33mWARN[m]    _ -> /home/andrew/bin/mvnd instead of /home/andrew/bin/mvn
[[1;33mWARN[m] If the difference matters to you, stop the running daemons using mvnd --stop and
[[1;33mWARN[m] start a new daemon from the current environment by issuing any mvnd build command.
[[1;34mINFO[m] Processing build on daemon [1m39fc0a98[m
[[1;34mINFO[m] Scanning for projects...
[[1;34mINFO[m] BuildTimeEventSpy is registered.
[[1;34mINFO[m] 
[[1;34mINFO[m] Using the SmartBuilder implementation with a thread count of 7
[[1;34mINFO[m] Task segments : [exec:exec@create-pod, exec:exec@start-jfr-datasource, exec:exec@start-grafana, exec:exec@start-container, exec:exec@wait-for-container, failsafe:integration-test, exec:exec@stop-jfr-datasource, exec:exec@stop-grafana, exec:exec@stop-container, exec:exec@destroy-pod]
[[1;34mINFO[m] Build maximum degree of concurrency is 7
[[1;34mINFO[m] Total number of projects is 1
[[1;34mINFO[m] 
[[1;34mINFO[m] [1m------------------------< [0;36mio.cryostat:cryostat[0;1m >------------------------[m
[[1;34mINFO[m] [1mBuilding cryostat 2.0.0-SNAPSHOT[m
[[1;34mINFO[m] [1m--------------------------------[ jar ]---------------------------------[m
[[1;34mINFO[m] 
[[1;34mINFO[m] [1m--- [0;32mexec-maven-plugin:3.0.0:exec[m [1m(create-pod)[m @ [36mcryostat[0;1m ---[m
[[1;34mINFO[m] [stdout] 59c6e65e3f304cc9b4324220b49a4ad6c729f5c6ad9618f36b201c0bbf46d111
[[1;34mINFO[m] 
[[1;34mINFO[m] [1m--- [0;32mexec-maven-plugin:3.0.0:exec[m [1m(start-jfr-datasource)[m @ [36mcryostat[0;1m ---[m
[[1;34mINFO[m] [stdout] 89491dc9265194269f3e86eeecdc833782b3721b33a7aebcf0f9118ca8097182
[[1;34mINFO[m] 
[[1;34mINFO[m] [1m--- [0;32mexec-maven-plugin:3.0.0:exec[m [1m(start-grafana)[m @ [36mcryostat[0;1m ---[m
[[1;34mINFO[m] [stdout] 881c210ae3593e3609868b5c7deb17cb8150ba20e53d0cdadfee71a6276aec05
[[1;34mINFO[m] 
[[1;34mINFO[m] [1m--- [0;32mexec-maven-plugin:3.0.0:exec[m [1m(start-container)[m @ [36mcryostat[0;1m ---[m
[[1;34mINFO[m] [stdout] 9f99dd8c0bfd7c1ecd69ddb4014a4375814b661d78ccd0607e2c243e3b5673be
[[1;34mINFO[m] 
[[1;34mINFO[m] [1m--- [0;32mexec-maven-plugin:3.0.0:exec[m [1m(wait-for-container)[m @ [36mcryostat[0;1m ---[m
[[1;33mWARN[m] [stderr] curl: (56) Recv failure: Connection reset by peer
[[1;34mINFO[m] 
[[1;34mINFO[m] [1m--- [0;32mmaven-failsafe-plugin:2.22.2:integration-test[m [1m(default-cli)[m @ [36mcryostat[0;1m ---[m
[[1;34mINFO[m] 
[[1;34mINFO[m] -------------------------------------------------------
[[1;34mINFO[m]  T E S T S
[[1;34mINFO[m] -------------------------------------------------------
[[1;34mINFO[m] Running itest.[1mNoopAuthIT[m
[[1;34mINFO[m] [1;32mTests run: [0;1;32m2[m, Failures: 0, Errors: 0, Skipped: 0, Time elapsed: 0.606 s - in itest.[1mNoopAuthIT[m
[[1;34mINFO[m] Running itest.[1mUploadRecordingIT[m
[[1;33mWARN[m] [1;33mTests [0;1mrun: [0;1m1[m, Failures: 0, Errors: 0, [1;33mSkipped: [0;1;33m1[m, Time elapsed: 1.917 s - in itest.[1mUploadRecordingIT[m
[[1;34mINFO[m] Running itest.[1mInterleavedExternalTargetRequestsIT[m
[[1;34mINFO[m] [stdout] {"dashboardAvailable":true,"datasourceAvailable":true}[podman, run, --quiet, --pod=cryostat-itests, --detach, --rm, --env, USE_AUTH=true, --env, JMX_PORT=9095, quay.io/andrewazores/vertx-fib-demo:0.6.0]
[[1;34mINFO[m] [stdout] ee71ffd897c92631b954df421e678f66733624e5a94963f6d8a4054094afec70
[[1;34mINFO[m] [stdout] [podman, run, --quiet, --pod=cryostat-itests, --detach, --rm, --env, USE_AUTH=true, --env, JMX_PORT=9097, quay.io/andrewazores/vertx-fib-demo:0.6.0]
[[1;34mINFO[m] [stdout] fcfe79800aee21a8a678fd9cd0ecf34bc2ef829fc8f60385bf925a21d4b722da
[[1;34mINFO[m] [stdout] [podman, run, --quiet, --pod=cryostat-itests, --detach, --rm, --env, USE_AUTH=true, --env, JMX_PORT=9100, quay.io/andrewazores/vertx-fib-demo:0.6.0]
[[1;34mINFO[m] [stdout] b5ad6e02e642b2df9115e7df255b5c7f1d8c7a6d3169b4ded191730d5f69af13
[[1;34mINFO[m] [stdout] [podman, run, --quiet, --pod=cryostat-itests, --detach, --rm, --env, USE_AUTH=true, --env, JMX_PORT=9096, quay.io/andrewazores/vertx-fib-demo:0.6.0]
[[1;34mINFO[m] [stdout] b038f9908c851ab82072939a68e96347f8d07963d5806f951728e0b444c994eb
[[1;34mINFO[m] [stdout] [podman, run, --quiet, --pod=cryostat-itests, --detach, --rm, --env, USE_AUTH=true, --env, JMX_PORT=9098, quay.io/andrewazores/vertx-fib-demo:0.6.0]
[[1;34mINFO[m] [stdout] aaaa3b1c9459a80c65b570705c239ee53a7f1b95030685ed8f74e7b992d4427f
[[1;34mINFO[m] [stdout] [podman, run, --quiet, --pod=cryostat-itests, --detach, --rm, --env, USE_AUTH=true, --env, JMX_PORT=9099, quay.io/andrewazores/vertx-fib-demo:0.6.0]
[[1;34mINFO[m] [stdout] 68b2449fc59d78c1aa59e2450cbf88850060f170df18386221b8ca8e6b721865
[[1;34mINFO[m] [stdout] [podman, run, --quiet, --pod=cryostat-itests, --detach, --rm, --env, USE_AUTH=true, --env, JMX_PORT=9093, quay.io/andrewazores/vertx-fib-demo:0.6.0]
[[1;34mINFO[m] [stdout] c29784e85e3bcaf6d29f68ac59ec0a6f49dad9c68e4fe0b50bb8718dea93a476
[[1;34mINFO[m] [stdout] [podman, run, --quiet, --pod=cryostat-itests, --detach, --rm, --env, USE_AUTH=true, --env, JMX_PORT=9094, quay.io/andrewazores/vertx-fib-demo:0.6.0]
[[1;34mINFO[m] [stdout] 0a4fc512495f9fb76aa8c62013f880ee72f4653e624d442214d71facf857c84c
[[1;34mINFO[m] [stdout] [podman, container, inspect, --format="{{.State.Status}}", 0a4fc512495f9fb76aa8c62013f880ee72f4653e624d442214d71facf857c84c]
[[1;34mINFO[m] [stdout] [podman, container, inspect, --format="{{.State.Status}}", c29784e85e3bcaf6d29f68ac59ec0a6f49dad9c68e4fe0b50bb8718dea93a476]
[[1;34mINFO[m] [stdout] [podman, container, inspect, --format="{{.State.Status}}", 68b2449fc59d78c1aa59e2450cbf88850060f170df18386221b8ca8e6b721865]
[[1;34mINFO[m] [stdout] [podman, container, inspect, --format="{{.State.Status}}", aaaa3b1c9459a80c65b570705c239ee53a7f1b95030685ed8f74e7b992d4427f]
[[1;34mINFO[m] [stdout] [podman, container, inspect, --format="{{.State.Status}}", b038f9908c851ab82072939a68e96347f8d07963d5806f951728e0b444c994eb]
[[1;34mINFO[m] [stdout] [podman, container, inspect, --format="{{.State.Status}}", b5ad6e02e642b2df9115e7df255b5c7f1d8c7a6d3169b4ded191730d5f69af13]
[[1;34mINFO[m] [stdout] [podman, container, inspect, --format="{{.State.Status}}", fcfe79800aee21a8a678fd9cd0ecf34bc2ef829fc8f60385bf925a21d4b722da]
[[1;34mINFO[m] [stdout] [podman, container, inspect, --format="{{.State.Status}}", ee71ffd897c92631b954df421e678f66733624e5a94963f6d8a4054094afec70]
[[1;34mINFO[m] [stdout] "running"
[[1;34mINFO[m] [stdout] "running"
[[1;34mINFO[m] [stdout] "running"
[[1;34mINFO[m] [stdout] "running"
[[1;34mINFO[m] [stdout] "running"
[[1;34mINFO[m] [stdout] "running"
[[1;34mINFO[m] [stdout] "running"
[[1;34mINFO[m] [stdout] "running"
[[1;33mWARN[m] [stderr] 7 targets found - waiting for setup to complete
[[1;34mINFO[m] [stdout] setup complete, continuing to tests
[[1;34mINFO[m] [stdout] Elapsed time: 9979ms
[[1;34mINFO[m] [stdout] [podman, kill, ee71ffd897c92631b954df421e678f66733624e5a94963f6d8a4054094afec70]
[[1;34mINFO[m] [stdout] ee71ffd897c92631b954df421e678f66733624e5a94963f6d8a4054094afec70
[[1;34mINFO[m] [stdout] [podman, kill, fcfe79800aee21a8a678fd9cd0ecf34bc2ef829fc8f60385bf925a21d4b722da]
[[1;34mINFO[m] [stdout] fcfe79800aee21a8a678fd9cd0ecf34bc2ef829fc8f60385bf925a21d4b722da
[[1;34mINFO[m] [stdout] [podman, kill, b5ad6e02e642b2df9115e7df255b5c7f1d8c7a6d3169b4ded191730d5f69af13]
[[1;34mINFO[m] [stdout] b5ad6e02e642b2df9115e7df255b5c7f1d8c7a6d3169b4ded191730d5f69af13
[[1;34mINFO[m] [stdout] [podman, kill, b038f9908c851ab82072939a68e96347f8d07963d5806f951728e0b444c994eb]
[[1;34mINFO[m] [stdout] b038f9908c851ab82072939a68e96347f8d07963d5806f951728e0b444c994eb
[[1;34mINFO[m] [stdout] [podman, kill, aaaa3b1c9459a80c65b570705c239ee53a7f1b95030685ed8f74e7b992d4427f]
[[1;34mINFO[m] [stdout] aaaa3b1c9459a80c65b570705c239ee53a7f1b95030685ed8f74e7b992d4427f
[[1;34mINFO[m] [stdout] [podman, kill, 68b2449fc59d78c1aa59e2450cbf88850060f170df18386221b8ca8e6b721865]
[[1;34mINFO[m] [stdout] 68b2449fc59d78c1aa59e2450cbf88850060f170df18386221b8ca8e6b721865
[[1;34mINFO[m] [stdout] [podman, kill, c29784e85e3bcaf6d29f68ac59ec0a6f49dad9c68e4fe0b50bb8718dea93a476]
[[1;34mINFO[m] [stdout] c29784e85e3bcaf6d29f68ac59ec0a6f49dad9c68e4fe0b50bb8718dea93a476
[[1;34mINFO[m] [stdout] [podman, kill, 0a4fc512495f9fb76aa8c62013f880ee72f4653e624d442214d71facf857c84c]
[[1;34mINFO[m] [stdout] 0a4fc512495f9fb76aa8c62013f880ee72f4653e624d442214d71facf857c84c
[[1;33mWARN[m] [stderr] 9 targets found - waiting for teardown to complete
[[1;33mWARN[m] [stderr] 9 targets found - waiting for teardown to complete
[[1;34mINFO[m] [stdout] teardown complete
[[1;34mINFO[m] [1;32mTests run: [0;1;32m2[m, Failures: 0, Errors: 0, Skipped: 0, Time elapsed: 37.939 s - in itest.[1mInterleavedExternalTargetRequestsIT[m
[[1;34mINFO[m] Running itest.[1mClientAssetsIT[m
[[1;34mINFO[m] [1;32mTests run: [0;1;32m3[m, Failures: 0, Errors: 0, Skipped: 0, Time elapsed: 0.153 s - in itest.[1mClientAssetsIT[m
[[1;34mINFO[m] Running itest.[1mClientUrlIT[m
[[1;34mINFO[m] [1;32mTests run: [0;1;32m4[m, Failures: 0, Errors: 0, Skipped: 0, Time elapsed: 0.021 s - in itest.[1mClientUrlIT[m
[[1;34mINFO[m] Running itest.[1mGrafanaSetupIT[m
[[1;34mINFO[m] [1;32mTests run: [0;1;32m2[m, Failures: 0, Errors: 0, Skipped: 0, Time elapsed: 0.01 s - in itest.[1mGrafanaSetupIT[m
[[1;34mINFO[m] Running itest.[1mRecordingWorkflowIT[m
[[1;34mINFO[m] [1;32mTests run: [0;1;32m1[m, Failures: 0, Errors: 0, Skipped: 0, Time elapsed: 7.27 s - in itest.[1mRecordingWorkflowIT[m
[[1;34mINFO[m] Running itest.[1mApiListingIT[m
[[1;34mINFO[m] [1;32mTests run: [0;1;32m1[m, Failures: 0, Errors: 0, Skipped: 0, Time elapsed: 0.05 s - in itest.[1mApiListingIT[m
[[1;34mINFO[m] Running itest.[1mAutoRulesIT[m
[[1;34mINFO[m] [stdout] [podman, run, --quiet, --pod=cryostat-itests, --detach, --rm, --env, USE_AUTH=true, --env, JMX_PORT=9093, quay.io/andrewazores/vertx-fib-demo:0.6.0]
[[1;34mINFO[m] [stdout] be4de4b9d4285ab2a8bf1e6b635790ec6d71405a62c400dc390915ba2d75163b
[[1;34mINFO[m] [stdout] [podman, container, inspect, --format="{{.State.Status}}", be4de4b9d4285ab2a8bf1e6b635790ec6d71405a62c400dc390915ba2d75163b]
[[1;34mINFO[m] [stdout] "running"
[[1;34mINFO[m] [stdout] [podman, kill, be4de4b9d4285ab2a8bf1e6b635790ec6d71405a62c400dc390915ba2d75163b]
[[1;34mINFO[m] [stdout] be4de4b9d4285ab2a8bf1e6b635790ec6d71405a62c400dc390915ba2d75163b
[[1;34mINFO[m] [1;32mTests run: [0;1;32m5[m, Failures: 0, Errors: 0, Skipped: 0, Time elapsed: 10.723 s - in itest.[1mAutoRulesIT[m
[[1;34mINFO[m] Running itest.[1mBasicCommandChannelIT[m
[[1;33mWARN[m] [1;33mTests [0;1mrun: [0;1m1[m, Failures: 0, Errors: 0, [1;33mSkipped: [0;1;33m1[m, Time elapsed: 0 s - in itest.[1mBasicCommandChannelIT[m
[[1;34mINFO[m] 
[[1;34mINFO[m] Results:
[[1;34mINFO[m] 
[[1;33mWARN[m] [1;33mTests run: 22, Failures: 0, Errors: 0, Skipped: 2[m
[[1;34mINFO[m] 
[[1;34mINFO[m] 
[[1;34mINFO[m] [1m--- [0;32mexec-maven-plugin:3.0.0:exec[m [1m(stop-jfr-datasource)[m @ [36mcryostat[0;1m ---[m
[[1;34mINFO[m] [stdout] jfr-datasource-itest
[[1;34mINFO[m] 
[[1;34mINFO[m] [1m--- [0;32mexec-maven-plugin:3.0.0:exec[m [1m(stop-grafana)[m @ [36mcryostat[0;1m ---[m
[[1;34mINFO[m] [stdout] grafana-itest
[[1;34mINFO[m] 
[[1;34mINFO[m] [1m--- [0;32mexec-maven-plugin:3.0.0:exec[m [1m(stop-container)[m @ [36mcryostat[0;1m ---[m
[[1;34mINFO[m] [stdout] cryostat-itest
[[1;34mINFO[m] 
[[1;34mINFO[m] [1m--- [0;32mexec-maven-plugin:3.0.0:exec[m [1m(destroy-pod)[m @ [36mcryostat[0;1m ---[m
[[1;34mINFO[m] [stdout] 59c6e65e3f304cc9b4324220b49a4ad6c729f5c6ad9618f36b201c0bbf46d111
[[1;34mINFO[m] Segment walltime 72 s, segment projects service time 72 s, effective/maximum degree of concurrency 1.00/7
[[1;34mINFO[m] [1m------------------------------------------------------------------------[m
[[1;34mINFO[m] [1;32mBUILD SUCCESS[m
[[1;34mINFO[m] [1m------------------------------------------------------------------------[m
[[1;34mINFO[m] Total time:  01:12 min (Wall Clock)
[[1;34mINFO[m] Finished at: 2021-06-22T16:48:15-04:00
[[1;34mINFO[m] [1m------------------------------------------------------------------------[m
[1mLooking up daemon...[0m  time: [1m00:00[0m[1mConnected to daemon 39fc0a98, scanning for projects[0m[17P[1m...[0m  time: [1m00:00[0m[K[[1;33mWARN[m] Environment mismatch !
[[1;33mWARN[m] A few environment mismatches have been detected between the client and the daemon.
[[1;33mWARN[m]    GNOME_TERMINAL_SCREEN -> /org/gnome/Terminal/screen/48fc37b5_2aa3_47b9_9c69_ecaeee8827ca instead of /org/gnome/Terminal/screen/de035914_167b_4d6e_98f9_be8d98f72ef4
[[1;33mWARN[m]    PS1 -> \[\033[1;32m\]\u@\h \[\033[1;34m\]\w$([[ $? != 0 ]] && echo "\[\033[1;31m\] :(")\[\033[1;33m\]$(__git_ps1) $(hg prompt "({queue}{:{patches|hide_unapplied}}{status}{update}) " 2>/dev/null)\[\033[1;34m\]$\[\033[00m\]  instead of null
[[1;33mWARN[m]    _ -> /home/andrew/bin/mvnd instead of /home/andrew/bin/mvn
[[1;33mWARN[m] If the difference matters to you, stop the running daemons using mvnd --stop and
[[1;33mWARN[m] start a new daemon from the current environment by issuing any mvnd build command.
[[1;34mINFO[m] Processing build on daemon [1m39fc0a98[m
[[1;34mINFO[m] Scanning for projects...
[[1;34mINFO[m] BuildTimeEventSpy is registered.
[[1;34mINFO[m] 
[[1;34mINFO[m] Using the SmartBuilder implementation with a thread count of 7
[[1;34mINFO[m] Task segments : [exec:exec@create-pod, exec:exec@start-jfr-datasource, exec:exec@start-grafana, exec:exec@start-container, exec:exec@wait-for-container, failsafe:integration-test, exec:exec@stop-jfr-datasource, exec:exec@stop-grafana, exec:exec@stop-container, exec:exec@destroy-pod]
[[1;34mINFO[m] Build maximum degree of concurrency is 7
[[1;34mINFO[m] Total number of projects is 1
[[1;34mINFO[m] 
[[1;34mINFO[m] [1m------------------------< [0;36mio.cryostat:cryostat[0;1m >------------------------[m
[[1;34mINFO[m] [1mBuilding cryostat 2.0.0-SNAPSHOT[m
[[1;34mINFO[m] [1m--------------------------------[ jar ]---------------------------------[m
[[1;34mINFO[m] 
[[1;34mINFO[m] [1m--- [0;32mexec-maven-plugin:3.0.0:exec[m [1m(create-pod)[m @ [36mcryostat[0;1m ---[m
[[1;34mINFO[m] [stdout] 809817f49a91b22122c82c68021ebc1375ccbb0b3dea0f3066f1a6b68f74bc14
[[1;34mINFO[m] 
[[1;34mINFO[m] [1m--- [0;32mexec-maven-plugin:3.0.0:exec[m [1m(start-jfr-datasource)[m @ [36mcryostat[0;1m ---[m
[[1;34mINFO[m] [stdout] 42f963d21d4e9a5306224a1978c627d1301b29163f9f45f3e701c8a9d791257c
[[1;34mINFO[m] 
[[1;34mINFO[m] [1m--- [0;32mexec-maven-plugin:3.0.0:exec[m [1m(start-grafana)[m @ [36mcryostat[0;1m ---[m
[[1;34mINFO[m] [stdout] e7f7940efed194dc24994b7926273feee32f22a9fe8eed4891911d582c417ff5
[[1;34mINFO[m] 
[[1;34mINFO[m] [1m--- [0;32mexec-maven-plugin:3.0.0:exec[m [1m(start-container)[m @ [36mcryostat[0;1m ---[m
[[1;34mINFO[m] [stdout] a0fdfe6818c8ca7fcc366b1ecfd59d037a24fae2cced9e93ce4803f544cdbebe
[[1;34mINFO[m] 
[[1;34mINFO[m] [1m--- [0;32mexec-maven-plugin:3.0.0:exec[m [1m(wait-for-container)[m @ [36mcryostat[0;1m ---[m
[[1;33mWARN[m] [stderr] curl: (56) Recv failure: Connection reset by peer
[[1;34mINFO[m] 
[[1;34mINFO[m] [1m--- [0;32mmaven-failsafe-plugin:2.22.2:integration-test[m [1m(default-cli)[m @ [36mcryostat[0;1m ---[m
[[1;34mINFO[m] 
[[1;34mINFO[m] -------------------------------------------------------
[[1;34mINFO[m]  T E S T S
[[1;34mINFO[m] -------------------------------------------------------
[[1;34mINFO[m] Running itest.[1mGrafanaSetupIT[m
[[1;34mINFO[m] [1;32mTests run: [0;1;32m2[m, Failures: 0, Errors: 0, Skipped: 0, Time elapsed: 1.003 s - in itest.[1mGrafanaSetupIT[m
[[1;34mINFO[m] Running itest.[1mInterleavedExternalTargetRequestsIT[m
[[1;34mINFO[m] [stdout] {"dashboardAvailable":true,"datasourceAvailable":true}[podman, run, --quiet, --pod=cryostat-itests, --detach, --rm, --env, USE_AUTH=true, --env, JMX_PORT=9099, quay.io/andrewazores/vertx-fib-demo:0.6.0]
[[1;34mINFO[m] [stdout] a9eca07627843d85cc1104d6d7665dd4df0082514dbb64593318f45479bc67db
[[1;34mINFO[m] [stdout] [podman, run, --quiet, --pod=cryostat-itests, --detach, --rm, --env, USE_AUTH=true, --env, JMX_PORT=9098, quay.io/andrewazores/vertx-fib-demo:0.6.0]
[[1;34mINFO[m] [stdout] 799c6d3ae35d01d288eca8af0fbd02203f27068adfca36bd52d3ca8871cf4efb
[[1;34mINFO[m] [stdout] [podman, run, --quiet, --pod=cryostat-itests, --detach, --rm, --env, USE_AUTH=true, --env, JMX_PORT=9097, quay.io/andrewazores/vertx-fib-demo:0.6.0]
[[1;34mINFO[m] [stdout] 02b9501a135e1e165b5250672110055440ddbd18b5965afdf0b4d9520cb87345
[[1;34mINFO[m] [stdout] [podman, run, --quiet, --pod=cryostat-itests, --detach, --rm, --env, USE_AUTH=true, --env, JMX_PORT=9093, quay.io/andrewazores/vertx-fib-demo:0.6.0]
[[1;34mINFO[m] [stdout] 7fcdae851553620d327129ff0e98e1e132aeea557187526fef192df92edee117
[[1;34mINFO[m] [stdout] [podman, run, --quiet, --pod=cryostat-itests, --detach, --rm, --env, USE_AUTH=true, --env, JMX_PORT=9094, quay.io/andrewazores/vertx-fib-demo:0.6.0]
[[1;34mINFO[m] [stdout] 480f8fe9127b81b1f10e08d0e809cf5492f073eea778fa3290d0581fff9109c1
[[1;34mINFO[m] [stdout] [podman, run, --quiet, --pod=cryostat-itests, --detach, --rm, --env, USE_AUTH=true, --env, JMX_PORT=9095, quay.io/andrewazores/vertx-fib-demo:0.6.0]
[[1;34mINFO[m] [stdout] c95ccdf1b8647d365c3b597e2956f4b4f9a9a090ef792cbf48f2af36f2f5052a
[[1;34mINFO[m] [stdout] [podman, run, --quiet, --pod=cryostat-itests, --detach, --rm, --env, USE_AUTH=true, --env, JMX_PORT=9096, quay.io/andrewazores/vertx-fib-demo:0.6.0]
[[1;34mINFO[m] [stdout] 5c021c2bcf28723929c24ea75bb4e7fc5908b725414fc3485d4f1a1fcd240134
[[1;34mINFO[m] [stdout] [podman, run, --quiet, --pod=cryostat-itests, --detach, --rm, --env, USE_AUTH=true, --env, JMX_PORT=9100, quay.io/andrewazores/vertx-fib-demo:0.6.0]
[[1;34mINFO[m] [stdout] fabc427b5cc946135139688dae4a1bfdc32f5a2d4ad414c19ed124eb7e09cd03
[[1;34mINFO[m] [stdout] [podman, container, inspect, --format="{{.State.Status}}", 7fcdae851553620d327129ff0e98e1e132aeea557187526fef192df92edee117]
[[1;34mINFO[m] [stdout] [podman, container, inspect, --format="{{.State.Status}}", fabc427b5cc946135139688dae4a1bfdc32f5a2d4ad414c19ed124eb7e09cd03]
[[1;34mINFO[m] [stdout] [podman, container, inspect, --format="{{.State.Status}}", 5c021c2bcf28723929c24ea75bb4e7fc5908b725414fc3485d4f1a1fcd240134]
[[1;34mINFO[m] [stdout] [podman, container, inspect, --format="{{.State.Status}}", c95ccdf1b8647d365c3b597e2956f4b4f9a9a090ef792cbf48f2af36f2f5052a]
[[1;34mINFO[m] [stdout] [podman, container, inspect, --format="{{.State.Status}}", 480f8fe9127b81b1f10e08d0e809cf5492f073eea778fa3290d0581fff9109c1]
[[1;34mINFO[m] [stdout] [podman, container, inspect, --format="{{.State.Status}}", a9eca07627843d85cc1104d6d7665dd4df0082514dbb64593318f45479bc67db]
[[1;34mINFO[m] [stdout] [podman, container, inspect, --format="{{.State.Status}}", 799c6d3ae35d01d288eca8af0fbd02203f27068adfca36bd52d3ca8871cf4efb]
[[1;34mINFO[m] [stdout] [podman, container, inspect, --format="{{.State.Status}}", 02b9501a135e1e165b5250672110055440ddbd18b5965afdf0b4d9520cb87345]
[[1;34mINFO[m] [stdout] "running"
[[1;34mINFO[m] [stdout] "running"
[[1;34mINFO[m] [stdout] "running"
[[1;34mINFO[m] [stdout] "running"
[[1;34mINFO[m] [stdout] "running"
[[1;34mINFO[m] [stdout] "running"
[[1;34mINFO[m] [stdout] "running"
[[1;34mINFO[m] [stdout] "running"
[[1;33mWARN[m] [stderr] 7 targets found - waiting for setup to complete
[[1;34mINFO[m] [stdout] setup complete, continuing to tests
[[1;34mINFO[m] [stdout] Elapsed time: 10462ms
[[1;34mINFO[m] [stdout] [podman, kill, a9eca07627843d85cc1104d6d7665dd4df0082514dbb64593318f45479bc67db]
[[1;34mINFO[m] [stdout] a9eca07627843d85cc1104d6d7665dd4df0082514dbb64593318f45479bc67db
[[1;34mINFO[m] [stdout] [podman, kill, 799c6d3ae35d01d288eca8af0fbd02203f27068adfca36bd52d3ca8871cf4efb]
[[1;34mINFO[m] [stdout] 799c6d3ae35d01d288eca8af0fbd02203f27068adfca36bd52d3ca8871cf4efb
[[1;34mINFO[m] [stdout] [podman, kill, 02b9501a135e1e165b5250672110055440ddbd18b5965afdf0b4d9520cb87345]
[[1;34mINFO[m] [stdout] 02b9501a135e1e165b5250672110055440ddbd18b5965afdf0b4d9520cb87345
[[1;34mINFO[m] [stdout] [podman, kill, 7fcdae851553620d327129ff0e98e1e132aeea557187526fef192df92edee117]
[[1;34mINFO[m] [stdout] 7fcdae851553620d327129ff0e98e1e132aeea557187526fef192df92edee117
[[1;34mINFO[m] [stdout] [podman, kill, 480f8fe9127b81b1f10e08d0e809cf5492f073eea778fa3290d0581fff9109c1]
[[1;34mINFO[m] [stdout] 480f8fe9127b81b1f10e08d0e809cf5492f073eea778fa3290d0581fff9109c1
[[1;34mINFO[m] [stdout] [podman, kill, c95ccdf1b8647d365c3b597e2956f4b4f9a9a090ef792cbf48f2af36f2f5052a]
[[1;34mINFO[m] [stdout] c95ccdf1b8647d365c3b597e2956f4b4f9a9a090ef792cbf48f2af36f2f5052a
[[1;34mINFO[m] [stdout] [podman, kill, 5c021c2bcf28723929c24ea75bb4e7fc5908b725414fc3485d4f1a1fcd240134]
[[1;34mINFO[m] [stdout] 5c021c2bcf28723929c24ea75bb4e7fc5908b725414fc3485d4f1a1fcd240134
[[1;34mINFO[m] [stdout] [podman, kill, fabc427b5cc946135139688dae4a1bfdc32f5a2d4ad414c19ed124eb7e09cd03]
[[1;34mINFO[m] [stdout] fabc427b5cc946135139688dae4a1bfdc32f5a2d4ad414c19ed124eb7e09cd03
[[1;33mWARN[m] [stderr] 9 targets found - waiting for teardown to complete
[[1;33mWARN[m] [stderr] 9 targets found - waiting for teardown to complete
[[1;34mINFO[m] [stdout] teardown complete
[[1;34mINFO[m] [1;32mTests run: [0;1;32m2[m, Failures: 0, Errors: 0, Skipped: 0, Time elapsed: 39.227 s - in itest.[1mInterleavedExternalTargetRequestsIT[m
[[1;34mINFO[m] Running itest.[1mClientUrlIT[m
[[1;34mINFO[m] [1;32mTests run: [0;1;32m4[m, Failures: 0, Errors: 0, Skipped: 0, Time elapsed: 0.023 s - in itest.[1mClientUrlIT[m
[[1;34mINFO[m] Running itest.[1mNoopAuthIT[m
[[1;34mINFO[m] [1;32mTests run: [0;1;32m2[m, Failures: 0, Errors: 0, Skipped: 0, Time elapsed: 0.008 s - in itest.[1mNoopAuthIT[m
[[1;34mINFO[m] Running itest.[1mBasicCommandChannelIT[m
[[1;33mWARN[m] [1;33mTests [0;1mrun: [0;1m1[m, Failures: 0, Errors: 0, [1;33mSkipped: [0;1;33m1[m, Time elapsed: 0 s - in itest.[1mBasicCommandChannelIT[m
[[1;34mINFO[m] Running itest.[1mApiListingIT[m
[[1;34mINFO[m] [1;32mTests run: [0;1;32m1[m, Failures: 0, Errors: 0, Skipped: 0, Time elapsed: 0.041 s - in itest.[1mApiListingIT[m
[[1;34mINFO[m] Running itest.[1mAutoRulesIT[m
[[1;34mINFO[m] [stdout] [podman, run, --quiet, --pod=cryostat-itests, --detach, --rm, --env, USE_AUTH=true, --env, JMX_PORT=9093, quay.io/andrewazores/vertx-fib-demo:0.6.0]
[[1;34mINFO[m] [stdout] 32c37e4e304a3b47007c8318173a88839c6876381ea91fa63195e231b03ee3cd
[[1;34mINFO[m] [stdout] [podman, container, inspect, --format="{{.State.Status}}", 32c37e4e304a3b47007c8318173a88839c6876381ea91fa63195e231b03ee3cd]
[[1;34mINFO[m] [stdout] "running"
[[1;34mINFO[m] [stdout] [podman, kill, 32c37e4e304a3b47007c8318173a88839c6876381ea91fa63195e231b03ee3cd]
[[1;34mINFO[m] [stdout] 32c37e4e304a3b47007c8318173a88839c6876381ea91fa63195e231b03ee3cd
[[1;34mINFO[m] [1;32mTests run: [0;1;32m5[m, Failures: 0, Errors: 0, Skipped: 0, Time elapsed: 10.777 s - in itest.[1mAutoRulesIT[m
[[1;34mINFO[m] Running itest.[1mRecordingWorkflowIT[m
[[1;34mINFO[m] [1;32mTests run: [0;1;32m1[m, Failures: 0, Errors: 0, Skipped: 0, Time elapsed: 8.261 s - in itest.[1mRecordingWorkflowIT[m
[[1;34mINFO[m] Running itest.[1mUploadRecordingIT[m
[[1;33mWARN[m] [1;33mTests [0;1mrun: [0;1m1[m, Failures: 0, Errors: 0, [1;33mSkipped: [0;1;33m1[m, Time elapsed: 0.344 s - in itest.[1mUploadRecordingIT[m
[[1;34mINFO[m] Running itest.[1mClientAssetsIT[m
[[1;34mINFO[m] [1;32mTests run: [0;1;32m3[m, Failures: 0, Errors: 0, Skipped: 0, Time elapsed: 0.11 s - in itest.[1mClientAssetsIT[m
[[1;34mINFO[m] 
[[1;34mINFO[m] Results:
[[1;34mINFO[m] 
[[1;33mWARN[m] [1;33mTests run: 22, Failures: 0, Errors: 0, Skipped: 2[m
[[1;34mINFO[m] 
[[1;34mINFO[m] 
[[1;34mINFO[m] [1m--- [0;32mexec-maven-plugin:3.0.0:exec[m [1m(stop-jfr-datasource)[m @ [36mcryostat[0;1m ---[m
[[1;34mINFO[m] [stdout] jfr-datasource-itest
[[1;34mINFO[m] 
[[1;34mINFO[m] [1m--- [0;32mexec-maven-plugin:3.0.0:exec[m [1m(stop-grafana)[m @ [36mcryostat[0;1m ---[m
[[1;34mINFO[m] [stdout] grafana-itest
[[1;34mINFO[m] 
[[1;34mINFO[m] [1m--- [0;32mexec-maven-plugin:3.0.0:exec[m [1m(stop-container)[m @ [36mcryostat[0;1m ---[m
[[1;34mINFO[m] [stdout] cryostat-itest
[[1;34mINFO[m] 
[[1;34mINFO[m] [1m--- [0;32mexec-maven-plugin:3.0.0:exec[m [1m(destroy-pod)[m @ [36mcryostat[0;1m ---[m
[[1;34mINFO[m] [stdout] 809817f49a91b22122c82c68021ebc1375ccbb0b3dea0f3066f1a6b68f74bc14
[[1;34mINFO[m] Segment walltime 73 s, segment projects service time 73 s, effective/maximum degree of concurrency 1.00/7
[[1;34mINFO[m] [1m------------------------------------------------------------------------[m
[[1;34mINFO[m] [1;32mBUILD SUCCESS[m
[[1;34mINFO[m] [1m------------------------------------------------------------------------[m
[[1;34mINFO[m] Total time:  01:13 min (Wall Clock)
[[1;34mINFO[m] Finished at: 2021-06-22T16:49:29-04:00
[[1;34mINFO[m] [1m------------------------------------------------------------------------[m
[1mLooking up daemon...[0m  time: [1m00:00[0m[1mConnected to daemon 39fc0a98, scanning for projects[0m[17P[1m...[0m  time: [1m00:00[0m[K[[1;33mWARN[m] Environment mismatch !
[[1;33mWARN[m] A few environment mismatches have been detected between the client and the daemon.
[[1;33mWARN[m]    GNOME_TERMINAL_SCREEN -> /org/gnome/Terminal/screen/48fc37b5_2aa3_47b9_9c69_ecaeee8827ca instead of /org/gnome/Terminal/screen/de035914_167b_4d6e_98f9_be8d98f72ef4
[[1;33mWARN[m]    PS1 -> \[\033[1;32m\]\u@\h \[\033[1;34m\]\w$([[ $? != 0 ]] && echo "\[\033[1;31m\] :(")\[\033[1;33m\]$(__git_ps1) $(hg prompt "({queue}{:{patches|hide_unapplied}}{status}{update}) " 2>/dev/null)\[\033[1;34m\]$\[\033[00m\]  instead of null
[[1;33mWARN[m]    _ -> /home/andrew/bin/mvnd instead of /home/andrew/bin/mvn
[[1;33mWARN[m] If the difference matters to you, stop the running daemons using mvnd --stop and
[[1;33mWARN[m] start a new daemon from the current environment by issuing any mvnd build command.
[[1;34mINFO[m] Processing build on daemon [1m39fc0a98[m
[[1;34mINFO[m] Scanning for projects...
[[1;34mINFO[m] BuildTimeEventSpy is registered.
[[1;34mINFO[m] 
[[1;34mINFO[m] Using the SmartBuilder implementation with a thread count of 7
[[1;34mINFO[m] Task segments : [exec:exec@create-pod, exec:exec@start-jfr-datasource, exec:exec@start-grafana, exec:exec@start-container, exec:exec@wait-for-container, failsafe:integration-test, exec:exec@stop-jfr-datasource, exec:exec@stop-grafana, exec:exec@stop-container, exec:exec@destroy-pod]
[[1;34mINFO[m] Build maximum degree of concurrency is 7
[[1;34mINFO[m] Total number of projects is 1
[[1;34mINFO[m] 
[[1;34mINFO[m] [1m------------------------< [0;36mio.cryostat:cryostat[0;1m >------------------------[m
[[1;34mINFO[m] [1mBuilding cryostat 2.0.0-SNAPSHOT[m
[[1;34mINFO[m] [1m--------------------------------[ jar ]---------------------------------[m
[[1;34mINFO[m] 
[[1;34mINFO[m] [1m--- [0;32mexec-maven-plugin:3.0.0:exec[m [1m(create-pod)[m @ [36mcryostat[0;1m ---[m
[[1;34mINFO[m] [stdout] 8501ae4159d4570fc3845f427262715affe98bebefc9359cb9c3f6f4bd11e4ed
[[1;34mINFO[m] 
[[1;34mINFO[m] [1m--- [0;32mexec-maven-plugin:3.0.0:exec[m [1m(start-jfr-datasource)[m @ [36mcryostat[0;1m ---[m
[[1;34mINFO[m] [stdout] 3412b37e1160901102b576a44663352d55c8184d9317a5bb5e739401f3222499
[[1;34mINFO[m] 
[[1;34mINFO[m] [1m--- [0;32mexec-maven-plugin:3.0.0:exec[m [1m(start-grafana)[m @ [36mcryostat[0;1m ---[m
[[1;34mINFO[m] [stdout] 513b396ed14eff5d310a9962363e8922cb84c9faf2246ae4fa29fae465005790
[[1;34mINFO[m] 
[[1;34mINFO[m] [1m--- [0;32mexec-maven-plugin:3.0.0:exec[m [1m(start-container)[m @ [36mcryostat[0;1m ---[m
[[1;34mINFO[m] [stdout] 224b409b8ea9ca0827430f257f1edf9a47e8ecdfd3d460afe7dfd3ff8a5f7a51
[[1;34mINFO[m] 
[[1;34mINFO[m] [1m--- [0;32mexec-maven-plugin:3.0.0:exec[m [1m(wait-for-container)[m @ [36mcryostat[0;1m ---[m
[[1;33mWARN[m] [stderr] curl: (56) Recv failure: Connection reset by peer
[[1;34mINFO[m] 
[[1;34mINFO[m] [1m--- [0;32mmaven-failsafe-plugin:2.22.2:integration-test[m [1m(default-cli)[m @ [36mcryostat[0;1m ---[m
[[1;34mINFO[m] 
[[1;34mINFO[m] -------------------------------------------------------
[[1;34mINFO[m]  T E S T S
[[1;34mINFO[m] -------------------------------------------------------
[[1;34mINFO[m] Running itest.[1mUploadRecordingIT[m
[[1;33mWARN[m] [1;33mTests [0;1mrun: [0;1m1[m, Failures: 0, Errors: 0, [1;33mSkipped: [0;1;33m1[m, Time elapsed: 2.444 s - in itest.[1mUploadRecordingIT[m
[[1;34mINFO[m] Running itest.[1mInterleavedExternalTargetRequestsIT[m
[[1;34mINFO[m] [stdout] {"dashboardAvailable":true,"datasourceAvailable":true}[podman, run, --quiet, --pod=cryostat-itests, --detach, --rm, --env, USE_AUTH=true, --env, JMX_PORT=9096, quay.io/andrewazores/vertx-fib-demo:0.6.0]
[[1;34mINFO[m] [stdout] ac02c47985df74324249965918f9295da6a175429329212e19f4296c01608cbb
[[1;34mINFO[m] [stdout] [podman, run, --quiet, --pod=cryostat-itests, --detach, --rm, --env, USE_AUTH=true, --env, JMX_PORT=9098, quay.io/andrewazores/vertx-fib-demo:0.6.0]
[[1;34mINFO[m] [stdout] bc82d6bc2e91951109888bfbc41adf6c5d697e5faccf7f27014799b5cf12bb5e
[[1;34mINFO[m] [stdout] [podman, run, --quiet, --pod=cryostat-itests, --detach, --rm, --env, USE_AUTH=true, --env, JMX_PORT=9093, quay.io/andrewazores/vertx-fib-demo:0.6.0]
[[1;34mINFO[m] [stdout] 47622819e402bfee10d13b8e5d885d8a82e6d7dd61c0c7c6a38385bccc7c390b
[[1;34mINFO[m] [stdout] [podman, run, --quiet, --pod=cryostat-itests, --detach, --rm, --env, USE_AUTH=true, --env, JMX_PORT=9094, quay.io/andrewazores/vertx-fib-demo:0.6.0]
[[1;34mINFO[m] [stdout] 5a85a7c3a6c0ada1babe9ae00586104001d2bc46973251ab1613644a47b3a6e4
[[1;34mINFO[m] [stdout] [podman, run, --quiet, --pod=cryostat-itests, --detach, --rm, --env, USE_AUTH=true, --env, JMX_PORT=9099, quay.io/andrewazores/vertx-fib-demo:0.6.0]
[[1;34mINFO[m] [stdout] 9e3ce2ffac88f292f3b841b8bc39853e6c32b482e1ad33271ce0623d76c762c3
[[1;34mINFO[m] [stdout] [podman, run, --quiet, --pod=cryostat-itests, --detach, --rm, --env, USE_AUTH=true, --env, JMX_PORT=9095, quay.io/andrewazores/vertx-fib-demo:0.6.0]
[[1;34mINFO[m] [stdout] fca30ef5a6e70e43062377ede8133720e170df764688b938443c87e63be19f91
[[1;34mINFO[m] [stdout] [podman, run, --quiet, --pod=cryostat-itests, --detach, --rm, --env, USE_AUTH=true, --env, JMX_PORT=9100, quay.io/andrewazores/vertx-fib-demo:0.6.0]
[[1;34mINFO[m] [stdout] 1af017fb2e0cdc418992e660f5eba32e578acc79c8e2532b2031a609b670f420
[[1;34mINFO[m] [stdout] [podman, run, --quiet, --pod=cryostat-itests, --detach, --rm, --env, USE_AUTH=true, --env, JMX_PORT=9097, quay.io/andrewazores/vertx-fib-demo:0.6.0]
[[1;34mINFO[m] [stdout] 46fd37b04bf079a52a4abd49f2d0d78fd9b6f2896f5191273d1eae73cdce82de
[[1;34mINFO[m] [stdout] [podman, container, inspect, --format="{{.State.Status}}", ac02c47985df74324249965918f9295da6a175429329212e19f4296c01608cbb]
[[1;34mINFO[m] [stdout] [podman, container, inspect, --format="{{.State.Status}}", 47622819e402bfee10d13b8e5d885d8a82e6d7dd61c0c7c6a38385bccc7c390b]
[[1;34mINFO[m] [stdout] [podman, container, inspect, --format="{{.State.Status}}", fca30ef5a6e70e43062377ede8133720e170df764688b938443c87e63be19f91]
[[1;34mINFO[m] [stdout] [podman, container, inspect, --format="{{.State.Status}}", 46fd37b04bf079a52a4abd49f2d0d78fd9b6f2896f5191273d1eae73cdce82de]
[[1;34mINFO[m] [stdout] [podman, container, inspect, --format="{{.State.Status}}", 5a85a7c3a6c0ada1babe9ae00586104001d2bc46973251ab1613644a47b3a6e4]
[[1;34mINFO[m] [stdout] [podman, container, inspect, --format="{{.State.Status}}", 9e3ce2ffac88f292f3b841b8bc39853e6c32b482e1ad33271ce0623d76c762c3]
[[1;34mINFO[m] [stdout] [podman, container, inspect, --format="{{.State.Status}}", bc82d6bc2e91951109888bfbc41adf6c5d697e5faccf7f27014799b5cf12bb5e]
[[1;34mINFO[m] [stdout] [podman, container, inspect, --format="{{.State.Status}}", 1af017fb2e0cdc418992e660f5eba32e578acc79c8e2532b2031a609b670f420]
[[1;34mINFO[m] [stdout] "running"
[[1;34mINFO[m] [stdout] "running"
[[1;34mINFO[m] [stdout] "running"
[[1;34mINFO[m] [stdout] "running"
[[1;34mINFO[m] [stdout] "running"
[[1;34mINFO[m] [stdout] "running"
[[1;34mINFO[m] [stdout] "running"
[[1;34mINFO[m] [stdout] "running"
[[1;33mWARN[m] [stderr] 7 targets found - waiting for setup to complete
[[1;34mINFO[m] [stdout] setup complete, continuing to tests
[[1;34mINFO[m] [stdout] Elapsed time: 9868ms
[[1;34mINFO[m] [stdout] [podman, kill, ac02c47985df74324249965918f9295da6a175429329212e19f4296c01608cbb]
[[1;34mINFO[m] [stdout] ac02c47985df74324249965918f9295da6a175429329212e19f4296c01608cbb
[[1;34mINFO[m] [stdout] [podman, kill, bc82d6bc2e91951109888bfbc41adf6c5d697e5faccf7f27014799b5cf12bb5e]
[[1;34mINFO[m] [stdout] bc82d6bc2e91951109888bfbc41adf6c5d697e5faccf7f27014799b5cf12bb5e
[[1;34mINFO[m] [stdout] [podman, kill, 47622819e402bfee10d13b8e5d885d8a82e6d7dd61c0c7c6a38385bccc7c390b]
[[1;34mINFO[m] [stdout] 47622819e402bfee10d13b8e5d885d8a82e6d7dd61c0c7c6a38385bccc7c390b
[[1;34mINFO[m] [stdout] [podman, kill, 5a85a7c3a6c0ada1babe9ae00586104001d2bc46973251ab1613644a47b3a6e4]
[[1;34mINFO[m] [stdout] 5a85a7c3a6c0ada1babe9ae00586104001d2bc46973251ab1613644a47b3a6e4
[[1;34mINFO[m] [stdout] [podman, kill, 9e3ce2ffac88f292f3b841b8bc39853e6c32b482e1ad33271ce0623d76c762c3]
[[1;34mINFO[m] [stdout] 9e3ce2ffac88f292f3b841b8bc39853e6c32b482e1ad33271ce0623d76c762c3
[[1;34mINFO[m] [stdout] [podman, kill, fca30ef5a6e70e43062377ede8133720e170df764688b938443c87e63be19f91]
[[1;34mINFO[m] [stdout] fca30ef5a6e70e43062377ede8133720e170df764688b938443c87e63be19f91
[[1;34mINFO[m] [stdout] [podman, kill, 1af017fb2e0cdc418992e660f5eba32e578acc79c8e2532b2031a609b670f420]
[[1;34mINFO[m] [stdout] 1af017fb2e0cdc418992e660f5eba32e578acc79c8e2532b2031a609b670f420
[[1;34mINFO[m] [stdout] [podman, kill, 46fd37b04bf079a52a4abd49f2d0d78fd9b6f2896f5191273d1eae73cdce82de]
[[1;34mINFO[m] [stdout] 46fd37b04bf079a52a4abd49f2d0d78fd9b6f2896f5191273d1eae73cdce82de
[[1;33mWARN[m] [stderr] 9 targets found - waiting for teardown to complete
[[1;33mWARN[m] [stderr] 7 targets found - waiting for teardown to complete
[[1;34mINFO[m] [stdout] teardown complete
[[1;34mINFO[m] [1;32mTests run: [0;1;32m2[m, Failures: 0, Errors: 0, Skipped: 0, Time elapsed: 37.72 s - in itest.[1mInterleavedExternalTargetRequestsIT[m
[[1;34mINFO[m] Running itest.[1mBasicCommandChannelIT[m
[[1;33mWARN[m] [1;33mTests [0;1mrun: [0;1m1[m, Failures: 0, Errors: 0, [1;33mSkipped: [0;1;33m1[m, Time elapsed: 0 s - in itest.[1mBasicCommandChannelIT[m
[[1;34mINFO[m] Running itest.[1mApiListingIT[m
[[1;34mINFO[m] [1;32mTests run: [0;1;32m1[m, Failures: 0, Errors: 0, Skipped: 0, Time elapsed: 0.053 s - in itest.[1mApiListingIT[m
[[1;34mINFO[m] Running itest.[1mAutoRulesIT[m
[[1;34mINFO[m] [stdout] [podman, run, --quiet, --pod=cryostat-itests, --detach, --rm, --env, USE_AUTH=true, --env, JMX_PORT=9093, quay.io/andrewazores/vertx-fib-demo:0.6.0]
[[1;34mINFO[m] [stdout] 4af788d054aebb8c8aa834fa78a51ba5383d7b234ca2a8d1995000e3050ccbc9
[[1;34mINFO[m] [stdout] [podman, container, inspect, --format="{{.State.Status}}", 4af788d054aebb8c8aa834fa78a51ba5383d7b234ca2a8d1995000e3050ccbc9]
[[1;34mINFO[m] [stdout] "running"
[[1;34mINFO[m] [stdout] [podman, kill, 4af788d054aebb8c8aa834fa78a51ba5383d7b234ca2a8d1995000e3050ccbc9]
[[1;34mINFO[m] [stdout] 4af788d054aebb8c8aa834fa78a51ba5383d7b234ca2a8d1995000e3050ccbc9
[[1;34mINFO[m] [1;32mTests run: [0;1;32m5[m, Failures: 0, Errors: 0, Skipped: 0, Time elapsed: 10.755 s - in itest.[1mAutoRulesIT[m
[[1;34mINFO[m] Running itest.[1mClientAssetsIT[m
[[1;34mINFO[m] [1;32mTests run: [0;1;32m3[m, Failures: 0, Errors: 0, Skipped: 0, Time elapsed: 0.118 s - in itest.[1mClientAssetsIT[m
[[1;34mINFO[m] Running itest.[1mClientUrlIT[m
[[1;34mINFO[m] [1;32mTests run: [0;1;32m4[m, Failures: 0, Errors: 0, Skipped: 0, Time elapsed: 0.022 s - in itest.[1mClientUrlIT[m
[[1;34mINFO[m] Running itest.[1mNoopAuthIT[m
[[1;34mINFO[m] [1;32mTests run: [0;1;32m2[m, Failures: 0, Errors: 0, Skipped: 0, Time elapsed: 0.008 s - in itest.[1mNoopAuthIT[m
[[1;34mINFO[m] Running itest.[1mGrafanaSetupIT[m
[[1;34mINFO[m] [1;32mTests run: [0;1;32m2[m, Failures: 0, Errors: 0, Skipped: 0, Time elapsed: 0.01 s - in itest.[1mGrafanaSetupIT[m
[[1;34mINFO[m] Running itest.[1mRecordingWorkflowIT[m
[[1;34mINFO[m] [1;32mTests run: [0;1;32m1[m, Failures: 0, Errors: 0, Skipped: 0, Time elapsed: 7.22 s - in itest.[1mRecordingWorkflowIT[m
[[1;34mINFO[m] 
[[1;34mINFO[m] Results:
[[1;34mINFO[m] 
[[1;33mWARN[m] [1;33mTests run: 22, Failures: 0, Errors: 0, Skipped: 2[m
[[1;34mINFO[m] 
[[1;34mINFO[m] 
[[1;34mINFO[m] [1m--- [0;32mexec-maven-plugin:3.0.0:exec[m [1m(stop-jfr-datasource)[m @ [36mcryostat[0;1m ---[m
[[1;34mINFO[m] [stdout] jfr-datasource-itest
[[1;34mINFO[m] 
[[1;34mINFO[m] [1m--- [0;32mexec-maven-plugin:3.0.0:exec[m [1m(stop-grafana)[m @ [36mcryostat[0;1m ---[m
[[1;34mINFO[m] [stdout] grafana-itest
[[1;34mINFO[m] 
[[1;34mINFO[m] [1m--- [0;32mexec-maven-plugin:3.0.0:exec[m [1m(stop-container)[m @ [36mcryostat[0;1m ---[m
[[1;34mINFO[m] [stdout] cryostat-itest
[[1;34mINFO[m] 
[[1;34mINFO[m] [1m--- [0;32mexec-maven-plugin:3.0.0:exec[m [1m(destroy-pod)[m @ [36mcryostat[0;1m ---[m
[[1;34mINFO[m] [stdout] 8501ae4159d4570fc3845f427262715affe98bebefc9359cb9c3f6f4bd11e4ed
[[1;34mINFO[m] Segment walltime 72 s, segment projects service time 72 s, effective/maximum degree of concurrency 1.00/7
[[1;34mINFO[m] [1m------------------------------------------------------------------------[m
[[1;34mINFO[m] [1;32mBUILD SUCCESS[m
[[1;34mINFO[m] [1m------------------------------------------------------------------------[m
[[1;34mINFO[m] Total time:  01:12 min (Wall Clock)
[[1;34mINFO[m] Finished at: 2021-06-22T16:50:42-04:00
[[1;34mINFO[m] [1m------------------------------------------------------------------------[m
[1mLooking up daemon...[0m  time: [1m00:00[0m[1mConnected to daemon 39fc0a98, scanning for projects[0m[17P[1m...[0m  time: [1m00:00[0m[K[[1;33mWARN[m] Environment mismatch !
[[1;33mWARN[m] A few environment mismatches have been detected between the client and the daemon.
[[1;33mWARN[m]    GNOME_TERMINAL_SCREEN -> /org/gnome/Terminal/screen/48fc37b5_2aa3_47b9_9c69_ecaeee8827ca instead of /org/gnome/Terminal/screen/de035914_167b_4d6e_98f9_be8d98f72ef4
[[1;33mWARN[m]    PS1 -> \[\033[1;32m\]\u@\h \[\033[1;34m\]\w$([[ $? != 0 ]] && echo "\[\033[1;31m\] :(")\[\033[1;33m\]$(__git_ps1) $(hg prompt "({queue}{:{patches|hide_unapplied}}{status}{update}) " 2>/dev/null)\[\033[1;34m\]$\[\033[00m\]  instead of null
[[1;33mWARN[m]    _ -> /home/andrew/bin/mvnd instead of /home/andrew/bin/mvn
[[1;33mWARN[m] If the difference matters to you, stop the running daemons using mvnd --stop and
[[1;33mWARN[m] start a new daemon from the current environment by issuing any mvnd build command.
[[1;34mINFO[m] Processing build on daemon [1m39fc0a98[m
[[1;34mINFO[m] Scanning for projects...
[[1;34mINFO[m] BuildTimeEventSpy is registered.
[[1;34mINFO[m] 
[[1;34mINFO[m] Using the SmartBuilder implementation with a thread count of 7
[[1;34mINFO[m] Task segments : [exec:exec@create-pod, exec:exec@start-jfr-datasource, exec:exec@start-grafana, exec:exec@start-container, exec:exec@wait-for-container, failsafe:integration-test, exec:exec@stop-jfr-datasource, exec:exec@stop-grafana, exec:exec@stop-container, exec:exec@destroy-pod]
[[1;34mINFO[m] Build maximum degree of concurrency is 7
[[1;34mINFO[m] Total number of projects is 1
[[1;34mINFO[m] 
[[1;34mINFO[m] [1m------------------------< [0;36mio.cryostat:cryostat[0;1m >------------------------[m
[[1;34mINFO[m] [1mBuilding cryostat 2.0.0-SNAPSHOT[m
[[1;34mINFO[m] [1m--------------------------------[ jar ]---------------------------------[m
[[1;34mINFO[m] 
[[1;34mINFO[m] [1m--- [0;32mexec-maven-plugin:3.0.0:exec[m [1m(create-pod)[m @ [36mcryostat[0;1m ---[m
[[1;34mINFO[m] [stdout] 7e23ee3b2c44816134e0d963618c41dbf827a173624c275cba619135557f20a6
[[1;34mINFO[m] 
[[1;34mINFO[m] [1m--- [0;32mexec-maven-plugin:3.0.0:exec[m [1m(start-jfr-datasource)[m @ [36mcryostat[0;1m ---[m
[[1;34mINFO[m] [stdout] 2f5b504b84b9a7d7b8a000ec7c2cd828f153e7532e504623ff57b5821c03d588
[[1;34mINFO[m] 
[[1;34mINFO[m] [1m--- [0;32mexec-maven-plugin:3.0.0:exec[m [1m(start-grafana)[m @ [36mcryostat[0;1m ---[m
[[1;34mINFO[m] [stdout] 9f92e86259fc1f2c1224e74cedb861dea2f766ad38cb5a607cf684fce3091ebd
[[1;34mINFO[m] 
[[1;34mINFO[m] [1m--- [0;32mexec-maven-plugin:3.0.0:exec[m [1m(start-container)[m @ [36mcryostat[0;1m ---[m
[[1;34mINFO[m] [stdout] f19efe0f3ba17e0822ca4599f98c844d6d9eb73b3ef6dbcb6c529feca45aaf19
[[1;34mINFO[m] 
[[1;34mINFO[m] [1m--- [0;32mexec-maven-plugin:3.0.0:exec[m [1m(wait-for-container)[m @ [36mcryostat[0;1m ---[m
[[1;33mWARN[m] [stderr] curl: (56) Recv failure: Connection reset by peer
[[1;34mINFO[m] 
[[1;34mINFO[m] [1m--- [0;32mmaven-failsafe-plugin:2.22.2:integration-test[m [1m(default-cli)[m @ [36mcryostat[0;1m ---[m
[[1;34mINFO[m] 
[[1;34mINFO[m] -------------------------------------------------------
[[1;34mINFO[m]  T E S T S
[[1;34mINFO[m] -------------------------------------------------------
[[1;34mINFO[m] Running itest.[1mInterleavedExternalTargetRequestsIT[m
[[1;34mINFO[m] [stdout] {"dashboardAvailable":true,"datasourceAvailable":true}[podman, run, --quiet, --pod=cryostat-itests, --detach, --rm, --env, JMX_PORT=9094, --env, USE_AUTH=true, quay.io/andrewazores/vertx-fib-demo:0.6.0]
[[1;34mINFO[m] [stdout] 21f102bc6380386f65a2690a3f01b0a2041289d3cce950ab74f2c7cb066c9e1e
[[1;34mINFO[m] [stdout] [podman, run, --quiet, --pod=cryostat-itests, --detach, --rm, --env, JMX_PORT=9098, --env, USE_AUTH=true, quay.io/andrewazores/vertx-fib-demo:0.6.0]
[[1;34mINFO[m] [stdout] 134a2696b5905cbd4269fea587c53e65dc6507fc694896f425586995ff24d7c4
[[1;34mINFO[m] [stdout] [podman, run, --quiet, --pod=cryostat-itests, --detach, --rm, --env, JMX_PORT=9100, --env, USE_AUTH=true, quay.io/andrewazores/vertx-fib-demo:0.6.0]
[[1;34mINFO[m] [stdout] 632431af0480c618fc1168c3dfa4437e84733817c072e14417eac4a81a374541
[[1;34mINFO[m] [stdout] [podman, run, --quiet, --pod=cryostat-itests, --detach, --rm, --env, JMX_PORT=9097, --env, USE_AUTH=true, quay.io/andrewazores/vertx-fib-demo:0.6.0]
[[1;34mINFO[m] [stdout] 31d0905340a53b5b1bc63d7e8fac1b77a12a09d50e932266a316a18f2df06ca1
[[1;34mINFO[m] [stdout] [podman, run, --quiet, --pod=cryostat-itests, --detach, --rm, --env, JMX_PORT=9095, --env, USE_AUTH=true, quay.io/andrewazores/vertx-fib-demo:0.6.0]
[[1;34mINFO[m] [stdout] 3b2e75ee5b49a592c8563a844f564201c5bc4108f35f957dccafaaa5516034df
[[1;34mINFO[m] [stdout] [podman, run, --quiet, --pod=cryostat-itests, --detach, --rm, --env, JMX_PORT=9099, --env, USE_AUTH=true, quay.io/andrewazores/vertx-fib-demo:0.6.0]
[[1;34mINFO[m] [stdout] d6bae1b5cc9c191d9b6af8c89cc52b06f0c98f44c2f5ca955ed5d7c674112353
[[1;34mINFO[m] [stdout] [podman, run, --quiet, --pod=cryostat-itests, --detach, --rm, --env, JMX_PORT=9096, --env, USE_AUTH=true, quay.io/andrewazores/vertx-fib-demo:0.6.0]
[[1;34mINFO[m] [stdout] 2fa8a9558938592a4bce7eb2c45c095681eaa19044b1899a2fe88baca186e49f
[[1;34mINFO[m] [stdout] [podman, run, --quiet, --pod=cryostat-itests, --detach, --rm, --env, JMX_PORT=9093, --env, USE_AUTH=true, quay.io/andrewazores/vertx-fib-demo:0.6.0]
[[1;34mINFO[m] [stdout] 793ef2a8a0499c0ed8d010c9b99679edeea0e671fde36a5ec7006f32e33e76a6
[[1;34mINFO[m] [stdout] [podman, container, inspect, --format="{{.State.Status}}", 21f102bc6380386f65a2690a3f01b0a2041289d3cce950ab74f2c7cb066c9e1e]
[[1;34mINFO[m] [stdout] [podman, container, inspect, --format="{{.State.Status}}", d6bae1b5cc9c191d9b6af8c89cc52b06f0c98f44c2f5ca955ed5d7c674112353]
[[1;34mINFO[m] [stdout] [podman, container, inspect, --format="{{.State.Status}}", 2fa8a9558938592a4bce7eb2c45c095681eaa19044b1899a2fe88baca186e49f]
[[1;34mINFO[m] [stdout] [podman, container, inspect, --format="{{.State.Status}}", 134a2696b5905cbd4269fea587c53e65dc6507fc694896f425586995ff24d7c4]
[[1;34mINFO[m] [stdout] [podman, container, inspect, --format="{{.State.Status}}", 31d0905340a53b5b1bc63d7e8fac1b77a12a09d50e932266a316a18f2df06ca1]
[[1;34mINFO[m] [stdout] [podman, container, inspect, --format="{{.State.Status}}", 3b2e75ee5b49a592c8563a844f564201c5bc4108f35f957dccafaaa5516034df]
[[1;34mINFO[m] [stdout] [podman, container, inspect, --format="{{.State.Status}}", 632431af0480c618fc1168c3dfa4437e84733817c072e14417eac4a81a374541]
[[1;34mINFO[m] [stdout] [podman, container, inspect, --format="{{.State.Status}}", 793ef2a8a0499c0ed8d010c9b99679edeea0e671fde36a5ec7006f32e33e76a6]
[[1;34mINFO[m] [stdout] "running"
[[1;34mINFO[m] [stdout] "running"
[[1;34mINFO[m] [stdout] "running"
[[1;34mINFO[m] [stdout] "running"
[[1;34mINFO[m] [stdout] "running"
[[1;34mINFO[m] [stdout] "running"
[[1;34mINFO[m] [stdout] "running"
[[1;34mINFO[m] [stdout] "running"
[[1;33mWARN[m] [stderr] 8 targets found - waiting for setup to complete
[[1;34mINFO[m] [stdout] setup complete, continuing to tests
[[1;34mINFO[m] [stdout] Elapsed time: 10478ms
[[1;34mINFO[m] [stdout] [podman, kill, 21f102bc6380386f65a2690a3f01b0a2041289d3cce950ab74f2c7cb066c9e1e]
[[1;34mINFO[m] [stdout] 21f102bc6380386f65a2690a3f01b0a2041289d3cce950ab74f2c7cb066c9e1e
[[1;34mINFO[m] [stdout] [podman, kill, 134a2696b5905cbd4269fea587c53e65dc6507fc694896f425586995ff24d7c4]
[[1;34mINFO[m] [stdout] 134a2696b5905cbd4269fea587c53e65dc6507fc694896f425586995ff24d7c4
[[1;34mINFO[m] [stdout] [podman, kill, 632431af0480c618fc1168c3dfa4437e84733817c072e14417eac4a81a374541]
[[1;34mINFO[m] [stdout] 632431af0480c618fc1168c3dfa4437e84733817c072e14417eac4a81a374541
[[1;34mINFO[m] [stdout] [podman, kill, 31d0905340a53b5b1bc63d7e8fac1b77a12a09d50e932266a316a18f2df06ca1]
[[1;34mINFO[m] [stdout] 31d0905340a53b5b1bc63d7e8fac1b77a12a09d50e932266a316a18f2df06ca1
[[1;34mINFO[m] [stdout] [podman, kill, 3b2e75ee5b49a592c8563a844f564201c5bc4108f35f957dccafaaa5516034df]
[[1;34mINFO[m] [stdout] 3b2e75ee5b49a592c8563a844f564201c5bc4108f35f957dccafaaa5516034df
[[1;34mINFO[m] [stdout] [podman, kill, d6bae1b5cc9c191d9b6af8c89cc52b06f0c98f44c2f5ca955ed5d7c674112353]
[[1;34mINFO[m] [stdout] d6bae1b5cc9c191d9b6af8c89cc52b06f0c98f44c2f5ca955ed5d7c674112353
[[1;34mINFO[m] [stdout] [podman, kill, 2fa8a9558938592a4bce7eb2c45c095681eaa19044b1899a2fe88baca186e49f]
[[1;34mINFO[m] [stdout] 2fa8a9558938592a4bce7eb2c45c095681eaa19044b1899a2fe88baca186e49f
[[1;34mINFO[m] [stdout] [podman, kill, 793ef2a8a0499c0ed8d010c9b99679edeea0e671fde36a5ec7006f32e33e76a6]
[[1;34mINFO[m] [stdout] 793ef2a8a0499c0ed8d010c9b99679edeea0e671fde36a5ec7006f32e33e76a6
[[1;33mWARN[m] [stderr] 9 targets found - waiting for teardown to complete
[[1;33mWARN[m] [stderr] 9 targets found - waiting for teardown to complete
[[1;34mINFO[m] [stdout] teardown complete
[[1;34mINFO[m] [1;32mTests run: [0;1;32m2[m, Failures: 0, Errors: 0, Skipped: 0, Time elapsed: 39.603 s - in itest.[1mInterleavedExternalTargetRequestsIT[m
[[1;34mINFO[m] Running itest.[1mBasicCommandChannelIT[m
[[1;33mWARN[m] [1;33mTests [0;1mrun: [0;1m1[m, Failures: 0, Errors: 0, [1;33mSkipped: [0;1;33m1[m, Time elapsed: 0 s - in itest.[1mBasicCommandChannelIT[m
[[1;34mINFO[m] Running itest.[1mNoopAuthIT[m
[[1;34mINFO[m] [1;32mTests run: [0;1;32m2[m, Failures: 0, Errors: 0, Skipped: 0, Time elapsed: 0.015 s - in itest.[1mNoopAuthIT[m
[[1;34mINFO[m] Running itest.[1mRecordingWorkflowIT[m
[[1;34mINFO[m] [1;32mTests run: [0;1;32m1[m, Failures: 0, Errors: 0, Skipped: 0, Time elapsed: 8.271 s - in itest.[1mRecordingWorkflowIT[m
[[1;34mINFO[m] Running itest.[1mAutoRulesIT[m
[[1;34mINFO[m] [stdout] [podman, run, --quiet, --pod=cryostat-itests, --detach, --rm, --env, JMX_PORT=9093, --env, USE_AUTH=true, quay.io/andrewazores/vertx-fib-demo:0.6.0]
[[1;34mINFO[m] [stdout] 222c9d3fec507a2de01713dda40b82305d14c9e9f082d1d2a1994993a8fcf9a3
[[1;34mINFO[m] [stdout] [podman, container, inspect, --format="{{.State.Status}}", 222c9d3fec507a2de01713dda40b82305d14c9e9f082d1d2a1994993a8fcf9a3]
[[1;34mINFO[m] [stdout] "running"
[[1;34mINFO[m] [stdout] [podman, kill, 222c9d3fec507a2de01713dda40b82305d14c9e9f082d1d2a1994993a8fcf9a3]
[[1;34mINFO[m] [stdout] 222c9d3fec507a2de01713dda40b82305d14c9e9f082d1d2a1994993a8fcf9a3
[[1;34mINFO[m] [1;32mTests run: [0;1;32m5[m, Failures: 0, Errors: 0, Skipped: 0, Time elapsed: 10.996 s - in itest.[1mAutoRulesIT[m
[[1;34mINFO[m] Running itest.[1mApiListingIT[m
[[1;34mINFO[m] [1;32mTests run: [0;1;32m1[m, Failures: 0, Errors: 0, Skipped: 0, Time elapsed: 0.071 s - in itest.[1mApiListingIT[m
[[1;34mINFO[m] Running itest.[1mUploadRecordingIT[m
[[1;33mWARN[m] [1;33mTests [0;1mrun: [0;1m1[m, Failures: 0, Errors: 0, [1;33mSkipped: [0;1;33m1[m, Time elapsed: 0.55 s - in itest.[1mUploadRecordingIT[m
[[1;34mINFO[m] Running itest.[1mClientAssetsIT[m
[[1;34mINFO[m] [1;32mTests run: [0;1;32m3[m, Failures: 0, Errors: 0, Skipped: 0, Time elapsed: 0.25 s - in itest.[1mClientAssetsIT[m
[[1;34mINFO[m] Running itest.[1mClientUrlIT[m
[[1;34mINFO[m] [1;32mTests run: [0;1;32m4[m, Failures: 0, Errors: 0, Skipped: 0, Time elapsed: 0.036 s - in itest.[1mClientUrlIT[m
[[1;34mINFO[m] Running itest.[1mGrafanaSetupIT[m
[[1;34mINFO[m] [1;32mTests run: [0;1;32m2[m, Failures: 0, Errors: 0, Skipped: 0, Time elapsed: 0.017 s - in itest.[1mGrafanaSetupIT[m
[[1;34mINFO[m] 
[[1;34mINFO[m] Results:
[[1;34mINFO[m] 
[[1;33mWARN[m] [1;33mTests run: 22, Failures: 0, Errors: 0, Skipped: 2[m
[[1;34mINFO[m] 
[[1;34mINFO[m] 
[[1;34mINFO[m] [1m--- [0;32mexec-maven-plugin:3.0.0:exec[m [1m(stop-jfr-datasource)[m @ [36mcryostat[0;1m ---[m
[[1;34mINFO[m] [stdout] jfr-datasource-itest
[[1;34mINFO[m] 
[[1;34mINFO[m] [1m--- [0;32mexec-maven-plugin:3.0.0:exec[m [1m(stop-grafana)[m @ [36mcryostat[0;1m ---[m
[[1;34mINFO[m] [stdout] grafana-itest
[[1;34mINFO[m] 
[[1;34mINFO[m] [1m--- [0;32mexec-maven-plugin:3.0.0:exec[m [1m(stop-container)[m @ [36mcryostat[0;1m ---[m
[[1;34mINFO[m] [stdout] cryostat-itest
[[1;34mINFO[m] 
[[1;34mINFO[m] [1m--- [0;32mexec-maven-plugin:3.0.0:exec[m [1m(destroy-pod)[m @ [36mcryostat[0;1m ---[m
[[1;34mINFO[m] [stdout] 7e23ee3b2c44816134e0d963618c41dbf827a173624c275cba619135557f20a6
[[1;34mINFO[m] Segment walltime 73 s, segment projects service time 73 s, effective/maximum degree of concurrency 1.00/7
[[1;34mINFO[m] [1m------------------------------------------------------------------------[m
[[1;34mINFO[m] [1;32mBUILD SUCCESS[m
[[1;34mINFO[m] [1m------------------------------------------------------------------------[m
[[1;34mINFO[m] Total time:  01:13 min (Wall Clock)
[[1;34mINFO[m] Finished at: 2021-06-22T16:51:55-04:00
[[1;34mINFO[m] [1m------------------------------------------------------------------------[m
